2024-08-10 03:49:12 - INFO - ArduCopter V4.5.5 (142aece2)
2024-08-10 03:49:12 - INFO - ChibiOS: 6a85082c
2024-08-10 03:49:12 - INFO - CubeOrange 0045001E 31315112 31363832
2024-08-10 03:49:12 - INFO - IOMCU: 420 1001 411FC231
2024-08-10 03:49:12 - INFO - RCOut: PWM:1-14
2024-08-10 03:49:12 - INFO - IMU0: fast sampling enabled 8.0kHz/2.0kHz
2024-08-10 03:49:12 - INFO - IMU1: fast sampling enabled 9.0kHz/2.3kHz
2024-08-10 03:49:12 - INFO - IMU2: fast sampling enabled 9.0kHz/2.3kHz
2024-08-10 03:49:12 - INFO - Frame: HEXA/X
2024-08-10 03:49:13 - DEBUG - Still waiting for data from vehicle: parameters
2024-08-10 03:49:14 - DEBUG - Still waiting for data from vehicle: parameters
2024-08-10 03:49:15 - DEBUG - Still waiting for data from vehicle: parameters
2024-08-10 03:49:16 - DEBUG - Still waiting for data from vehicle: parameters
2024-08-10 03:49:16 - DEBUG - Using selector: EpollSelector
2024-08-10 03:49:16 - DEBUG - sent 0.4735091860002285,100, 0 , False
2024-08-10 03:49:16 - DEBUG - sent 0.706,0.0, 0.0 , 272, 0
2024-08-10 03:49:17 - WARNING - Timestamp comd=0 from 101 to 0 for arm state 0 via 102
2024-08-10 03:49:17 - DEBUG - sent 0.4735091860002285,100, 0 , False
2024-08-10 03:49:17 - DEBUG - sent 0.929,0.0, 0.0 , 272, 0
2024-08-10 03:49:17 - WARNING - Timestamp comd=0 from 101 to 0 for arm state 0 via 102
2024-08-10 03:49:18 - DEBUG - sent 0.4735091860002285,100, 0 , False
2024-08-10 03:49:18 - DEBUG - sent 0.842,0.0, 0.0 , 272, 0
2024-08-10 03:49:18 - WARNING - Timestamp comd=0 from 101 to 0 for arm state 0 via 102
2024-08-10 03:49:19 - DEBUG - sent 0.06211465200067323,100, 0 , False
2024-08-10 03:49:19 - DEBUG - sent 0.81,0.0, 0.0 , 272, 0
2024-08-10 03:49:19 - WARNING - Timestamp comd=0 from 101 to 0 for arm state 0 via 102
2024-08-10 03:49:20 - DEBUG - sent 0.06211465200067323,100, 0 , False
2024-08-10 03:49:20 - DEBUG - sent 0.887,0.0, 0.0 , 272, 0
2024-08-10 03:49:20 - WARNING - Timestamp comd=0 from 101 to 0 for arm state 0 via 102
2024-08-10 03:49:21 - DEBUG - sent 0.06211465200067323,100, 0 , False
2024-08-10 03:49:21 - DEBUG - sent 0.802,0.0, 0.0 , 272, 0
2024-08-10 03:49:21 - WARNING - Timestamp comd=0 from 101 to 0 for arm state 0 via 102
2024-08-10 03:49:22 - DEBUG - sent 0.06211465200067323,100, 0 , False
2024-08-10 03:49:22 - DEBUG - sent 0.74,0.0, 0.0 , 272, 0
2024-08-10 03:49:22 - WARNING - Timestamp comd=0 from 101 to 0 for arm state 0 via 102
2024-08-10 03:49:22 - DEBUG - sent 0.4931782839994412,100, 0 , False
2024-08-10 03:49:23 - DEBUG - sent 0.802,0.0, 0.0 , 272, 0
2024-08-10 03:49:23 - WARNING - Timestamp comd=0 from 101 to 0 for arm state 0 via 102
2024-08-10 03:49:23 - DEBUG - sent 0.4931782839994412,100, 0 , False
2024-08-10 03:49:24 - DEBUG - sent 1.022,0.0, 0.0 , 272, 0
2024-08-10 03:49:24 - WARNING - Timestamp comd=0 from 101 to 0 for arm state 0 via 102
2024-08-10 03:49:24 - DEBUG - sent 0.4931782839994412,100, 0 , False
2024-08-10 03:49:25 - DEBUG - sent 0.751,0.0, 0.0 , 272, 0
2024-08-10 03:49:25 - WARNING - Timestamp comd=0 from 101 to 0 for arm state 0 via 102
2024-08-10 03:49:25 - DEBUG - sent 0.4931782839994412,100, 0 , False
2024-08-10 03:49:26 - DEBUG - sent 1.028,0.0, 0.0 , 272, 0
2024-08-10 03:49:26 - WARNING - Timestamp comd=0 from 101 to 0 for arm state 0 via 102
2024-08-10 03:49:26 - DEBUG - sent 0.4931782839994412,100, 0 , False
2024-08-10 03:49:27 - DEBUG - sent 0.675,0.0, 0.0 , 272, 0
2024-08-10 03:49:27 - WARNING - Timestamp comd=0 from 101 to 0 for arm state 0 via 102
2024-08-10 03:49:27 - DEBUG - sent 0.4931782839994412,100, 0 , False
2024-08-10 03:49:28 - DEBUG - sent 0.624,0.0, 0.0 , 272, 0
2024-08-10 03:49:28 - WARNING - Timestamp comd=0 from 101 to 0 for arm state 0 via 102
2024-08-10 03:49:28 - DEBUG - sent 0.4931782839994412,100, 0 , False
2024-08-10 03:49:28 - DEBUG - sent 0.712,0.0, 0.0 , 272, 0
2024-08-10 03:49:29 - WARNING - Timestamp comd=0 from 101 to 0 for arm state 0 via 102
2024-08-10 03:49:29 - DEBUG - sent 0.4931782839994412,100, 0 , False
2024-08-10 03:49:29 - DEBUG - sent 0.842,0.0, 0.0 , 272, 0
2024-08-10 03:49:30 - WARNING - Timestamp comd=0 from 101 to 0 for arm state 0 via 102
2024-08-10 03:49:30 - DEBUG - sent 0.4931782839994412,100, 0 , False
2024-08-10 03:49:30 - DEBUG - sent 0.839,0.0, 0.0 , 272, 0
2024-08-10 03:49:31 - WARNING - Timestamp comd=0 from 101 to 0 for arm state 0 via 102
2024-08-10 03:49:31 - DEBUG - sent 0.4931782839994412,100, 0 , False
2024-08-10 03:49:31 - DEBUG - sent 0.68,0.0, 0.0 , 272, 0
2024-08-10 03:49:32 - WARNING - Timestamp comd=0 from 101 to 0 for arm state 0 via 102
2024-08-10 03:49:32 - DEBUG - sent 0.4931782839994412,100, 0 , False
2024-08-10 03:49:32 - DEBUG - sent 0.935,0.0, 0.0 , 272, 0
2024-08-10 03:49:33 - WARNING - Timestamp comd=0 from 101 to 0 for arm state 0 via 102
2024-08-10 03:49:33 - DEBUG - sent 0.4931782839994412,100, 0 , False
2024-08-10 03:49:33 - DEBUG - sent 0.864,0.0, 0.0 , 272, 0
2024-08-10 03:49:33 - WARNING - Timestamp comd=0 from 101 to 0 for arm state 0 via 102
2024-08-10 03:49:34 - DEBUG - sent 0.3647933940001167,100, 0 , False
2024-08-10 03:49:34 - DEBUG - sent 0.842,0.0, 0.0 , 272, 0
2024-08-10 03:49:34 - WARNING - Timestamp comd=0 from 101 to 0 for arm state 0 via 102
2024-08-10 03:49:35 - DEBUG - sent 0.3647933940001167,100, 0 , False
2024-08-10 03:49:35 - DEBUG - sent 1.093,0.0, 0.0 , 272, 0
2024-08-10 03:49:35 - WARNING - Timestamp comd=0 from 101 to 0 for arm state 0 via 102
2024-08-10 03:49:36 - DEBUG - sent 0.3647933940001167,100, 0 , False
2024-08-10 03:49:36 - DEBUG - sent 0.901,0.0, 0.0 , 272, 0
2024-08-10 03:49:36 - WARNING - Timestamp comd=0 from 101 to 0 for arm state 0 via 102
2024-08-10 03:49:36 - DEBUG - sent 0.3647933940001167,100, 0 , False
2024-08-10 03:49:37 - DEBUG - sent 0.632,0.0, 0.0 , 271, 0
2024-08-10 03:49:37 - WARNING - Timestamp comd=0 from 101 to 0 for arm state 0 via 102
2024-08-10 03:49:37 - DEBUG - sent 0.7254035109999677,100, 0 , False
2024-08-10 03:49:38 - DEBUG - sent 0.827,0.0, 0.0 , 271, 0
2024-08-10 03:49:38 - WARNING - Timestamp comd=0 from 101 to 0 for arm state 0 via 102
2024-08-10 03:49:39 - DEBUG - sent 0.7254035109999677,100, 0 , False
2024-08-10 03:49:39 - DEBUG - sent 0.794,0.0, 0.0 , 271, 0
2024-08-10 03:49:39 - WARNING - Timestamp comd=0 from 101 to 0 for arm state 0 via 102
2024-08-10 03:49:39 - DEBUG - sent 0.7254035109999677,100, 0 , False
2024-08-10 03:49:40 - DEBUG - sent 0.833,0.0, 0.0 , 271, 0
2024-08-10 03:49:40 - WARNING - Timestamp comd=0 from 101 to 0 for arm state 0 via 102
2024-08-10 03:49:40 - DEBUG - sent 0.7254035109999677,100, 0 , False
2024-08-10 03:49:41 - DEBUG - sent 1.073,0.0, 0.0 , 271, 0
2024-08-10 03:49:41 - WARNING - Timestamp comd=0 from 101 to 0 for arm state 0 via 102
2024-08-10 03:49:41 - DEBUG - sent 0.7254035109999677,100, 0 , False
2024-08-10 03:49:42 - DEBUG - sent 0.955,0.0, 0.0 , 271, 0
2024-08-10 03:49:42 - WARNING - Timestamp comd=0 from 101 to 0 for arm state 0 via 102
2024-08-10 03:49:42 - DEBUG - sent 0.14008454299982986,100, 0 , False
2024-08-10 03:49:43 - DEBUG - sent 0.536,0.0, 0.0 , 271, 0
2024-08-10 03:49:43 - WARNING - Timestamp comd=0 from 101 to 0 for arm state 0 via 102
2024-08-10 03:49:43 - DEBUG - sent 3.0887999855622184e-05,100, 0 , False
2024-08-10 03:49:43 - DEBUG - sent 0.909,0.0, 0.0 , 271, 0
2024-08-10 03:49:44 - WARNING - Timestamp comd=0 from 101 to 0 for arm state 0 via 102
2024-08-10 03:49:44 - DEBUG - sent 3.0887999855622184e-05,100, 0 , False
2024-08-10 03:49:44 - DEBUG - sent 0.774,0.0, 0.0 , 271, 0
2024-08-10 03:49:45 - WARNING - Timestamp comd=0 from 101 to 0 for arm state 0 via 102
2024-08-10 03:49:45 - DEBUG - sent 3.0887999855622184e-05,100, 0 , False
2024-08-10 03:49:45 - DEBUG - sent 0.768,0.0, 0.0 , 271, 0
2024-08-10 03:49:46 - WARNING - Timestamp comd=0 from 101 to 0 for arm state 0 via 102
2024-08-10 03:49:46 - DEBUG - sent 3.0887999855622184e-05,100, 0 , False
2024-08-10 03:49:46 - DEBUG - sent 0.649,0.0, 0.0 , 271, 0
2024-08-10 03:49:47 - WARNING - Timestamp comd=0 from 101 to 0 for arm state 0 via 102
2024-08-10 03:49:47 - DEBUG - sent 3.0887999855622184e-05,100, 0 , False
2024-08-10 03:49:47 - DEBUG - sent 0.658,0.0, 0.0 , 271, 0
2024-08-10 03:49:48 - WARNING - Timestamp comd=0 from 101 to 0 for arm state 0 via 102
2024-08-10 03:49:48 - DEBUG - sent 3.0887999855622184e-05,100, 0 , False
2024-08-10 03:49:48 - DEBUG - sent 1.025,0.0, 0.0 , 271, 0
2024-08-10 03:49:49 - WARNING - Timestamp comd=0 from 101 to 0 for arm state 0 via 102
2024-08-10 03:49:49 - DEBUG - sent 3.0887999855622184e-05,100, 0 , False
2024-08-10 03:49:49 - DEBUG - sent 0.847,0.0, 0.0 , 271, 0
2024-08-10 03:49:49 - WARNING - Timestamp comd=0 from 101 to 0 for arm state 0 via 102
2024-08-10 03:49:50 - DEBUG - sent 3.0887999855622184e-05,100, 0 , False
2024-08-10 03:49:50 - DEBUG - sent 0.762,0.0, 0.0 , 271, 0
2024-08-10 03:49:50 - WARNING - Timestamp comd=0 from 101 to 0 for arm state 0 via 102
2024-08-10 03:49:51 - DEBUG - sent 3.0887999855622184e-05,100, 0 , False
2024-08-10 03:49:51 - DEBUG - sent 1.11,0.0, 0.0 , 271, 0
2024-08-10 03:49:51 - WARNING - Timestamp comd=0 from 101 to 0 for arm state 0 via 102
2024-08-10 03:49:52 - DEBUG - sent 3.0887999855622184e-05,100, 0 , False
2024-08-10 03:49:52 - DEBUG - sent 0.836,0.0, 0.0 , 271, 0
2024-08-10 03:49:53 - WARNING - Timestamp comd=0 from 101 to 0 for arm state 0 via 102
2024-08-10 03:49:53 - DEBUG - sent 3.0887999855622184e-05,100, 0 , False
2024-08-10 03:49:54 - DEBUG - sent 0.777,0.0, 0.0 , 271, 0
2024-08-10 03:49:54 - WARNING - Timestamp comd=0 from 101 to 0 for arm state 0 via 102
2024-08-10 03:49:54 - DEBUG - sent 3.0887999855622184e-05,100, 0 , False
2024-08-10 03:49:55 - DEBUG - sent 1.189,0.0, 0.0 , 271, 0
2024-08-10 03:49:55 - WARNING - Timestamp comd=0 from 101 to 0 for arm state 0 via 102
2024-08-10 03:49:55 - DEBUG - sent 3.0887999855622184e-05,100, 0 , False
2024-08-10 03:49:56 - DEBUG - sent 0.785,0.0, 0.0 , 271, 0
2024-08-10 03:49:56 - WARNING - Timestamp comd=0 from 101 to 0 for arm state 0 via 102
2024-08-10 03:49:57 - DEBUG - sent 3.0887999855622184e-05,100, 0 , False
2024-08-10 03:49:57 - DEBUG - sent 1.017,0.0, 0.0 , 271, 0
2024-08-10 03:49:58 - WARNING - Timestamp comd=0 from 101 to 0 for arm state 0 via 102
2024-08-10 03:49:58 - DEBUG - sent 3.0887999855622184e-05,100, 0 , False
2024-08-10 03:49:58 - DEBUG - sent 0.61,0.0, 0.0 , 271, 0
2024-08-10 03:49:59 - WARNING - Timestamp comd=0 from 101 to 0 for arm state 0 via 102
2024-08-10 03:49:59 - DEBUG - sent 3.0887999855622184e-05,100, 0 , False
2024-08-10 03:49:59 - DEBUG - sent 0.819,0.0, 0.0 , 271, 0
2024-08-10 03:50:00 - WARNING - Timestamp comd=0 from 101 to 0 for arm state 0 via 102
2024-08-10 03:50:00 - DEBUG - sent 3.0887999855622184e-05,100, 0 , False
2024-08-10 03:50:00 - DEBUG - sent 0.664,0.0, 0.0 , 271, 0
2024-08-10 03:50:00 - WARNING - Timestamp comd=0 from 101 to 0 for arm state 0 via 102
2024-08-10 03:50:01 - DEBUG - sent 3.0887999855622184e-05,100, 0 , False
2024-08-10 03:50:01 - DEBUG - sent 1.065,0.0, 0.0 , 271, 0
2024-08-10 03:50:01 - WARNING - Timestamp comd=0 from 101 to 0 for arm state 0 via 102
2024-08-10 03:50:01 - DEBUG - sent 3.0887999855622184e-05,100, 0 , False
2024-08-10 03:50:02 - DEBUG - sent 0.486,0.0, 0.0 , 271, 0
2024-08-10 03:50:02 - WARNING - Timestamp comd=0 from 101 to 0 for arm state 0 via 102
2024-08-10 03:50:02 - DEBUG - sent 3.0887999855622184e-05,100, 0 , False
2024-08-10 03:50:02 - DEBUG - sent 0.469,0.0, 0.0 , 271, 0
2024-08-10 03:50:02 - WARNING - Timestamp comd=0 from 101 to 0 for arm state 0 via 102
2024-08-10 03:50:03 - DEBUG - sent 3.0887999855622184e-05,100, 0 , False
2024-08-10 03:50:03 - DEBUG - sent 0.579,0.0, 0.0 , 271, 0
2024-08-10 03:50:03 - WARNING - Timestamp comd=0 from 101 to 0 for arm state 0 via 102
2024-08-10 03:50:04 - DEBUG - sent 3.0887999855622184e-05,100, 0 , False
2024-08-10 03:50:04 - DEBUG - sent 0.946,0.0, 0.0 , 271, 0
2024-08-10 03:50:04 - WARNING - Timestamp comd=0 from 101 to 0 for arm state 0 via 102
2024-08-10 03:50:05 - DEBUG - sent 3.0887999855622184e-05,100, 0 , False
2024-08-10 03:50:05 - DEBUG - sent 0.553,0.0, 0.0 , 271, 0
2024-08-10 03:50:05 - WARNING - Timestamp comd=0 from 101 to 0 for arm state 0 via 102
2024-08-10 03:50:06 - DEBUG - sent 3.0887999855622184e-05,100, 0 , False
2024-08-10 03:50:06 - DEBUG - sent 1.039,0.0, 0.0 , 271, 0
2024-08-10 03:50:06 - WARNING - Timestamp comd=0 from 101 to 0 for arm state 0 via 102
2024-08-10 03:50:06 - DEBUG - sent 3.0887999855622184e-05,100, 0 , False
2024-08-10 03:50:07 - DEBUG - sent 0.955,0.0, 0.0 , 271, 0
2024-08-10 03:50:07 - WARNING - Timestamp comd=0 from 101 to 0 for arm state 0 via 102
2024-08-10 03:50:07 - DEBUG - sent 3.0887999855622184e-05,100, 0 , False
2024-08-10 03:50:08 - DEBUG - sent 0.743,0.0, 0.0 , 271, 0
2024-08-10 03:50:08 - WARNING - Timestamp comd=0 from 101 to 0 for arm state 0 via 102
2024-08-10 03:50:08 - DEBUG - sent 3.0887999855622184e-05,100, 0 , False
2024-08-10 03:50:09 - DEBUG - sent 0.833,0.0, 0.0 , 271, 0
2024-08-10 03:50:09 - WARNING - Timestamp comd=0 from 101 to 0 for arm state 0 via 102
2024-08-10 03:50:09 - DEBUG - sent 3.0887999855622184e-05,100, 0 , False
2024-08-10 03:50:10 - DEBUG - sent 0.689,0.0, 0.0 , 271, 0
2024-08-10 03:50:10 - WARNING - Timestamp comd=0 from 101 to 0 for arm state 0 via 102
2024-08-10 03:50:10 - DEBUG - sent 3.0887999855622184e-05,100, 0 , False
2024-08-10 03:50:11 - DEBUG - sent 1.093,0.0, 0.0 , 271, 0
2024-08-10 03:50:11 - WARNING - Timestamp comd=0 from 101 to 0 for arm state 0 via 102
2024-08-10 03:50:11 - DEBUG - sent 3.0887999855622184e-05,100, 0 , False
2024-08-10 03:50:12 - DEBUG - sent 0.731,0.0, 0.0 , 271, 0
2024-08-10 03:50:12 - WARNING - Timestamp comd=0 from 101 to 0 for arm state 0 via 102
2024-08-10 03:50:12 - DEBUG - sent 3.0887999855622184e-05,100, 0 , False
2024-08-10 03:50:12 - DEBUG - sent 1.073,0.0, 0.0 , 271, 0
2024-08-10 03:50:13 - WARNING - Timestamp comd=0 from 101 to 0 for arm state 0 via 102
2024-08-10 03:50:13 - DEBUG - sent 3.0887999855622184e-05,100, 0 , False
2024-08-10 03:50:13 - DEBUG - sent 0.977,0.0, 0.0 , 271, 0
2024-08-10 03:50:13 - WARNING - Timestamp comd=0 from 101 to 0 for arm state 0 via 102
2024-08-10 03:50:14 - DEBUG - sent 3.0887999855622184e-05,100, 0 , False
2024-08-10 03:50:14 - DEBUG - sent 0.796,0.0, 0.0 , 271, 0
2024-08-10 03:50:14 - WARNING - Timestamp comd=0 from 101 to 0 for arm state 0 via 102
2024-08-10 03:50:14 - DEBUG - sent 3.0887999855622184e-05,100, 0 , False
2024-08-10 03:50:15 - DEBUG - sent 0.875,0.0, 0.0 , 271, 0
2024-08-10 03:50:15 - WARNING - Timestamp comd=0 from 101 to 0 for arm state 0 via 102
2024-08-10 03:50:15 - DEBUG - sent 3.0887999855622184e-05,100, 0 , False
2024-08-10 03:50:16 - DEBUG - sent 0.794,0.0, 0.0 , 271, 0
2024-08-10 03:50:16 - WARNING - Timestamp comd=0 from 101 to 0 for arm state 0 via 102
2024-08-10 03:50:16 - DEBUG - sent 3.0887999855622184e-05,100, 0 , False
2024-08-10 03:50:16 - DEBUG - sent 0.907,0.0, 0.0 , 271, 0
2024-08-10 03:50:17 - WARNING - Timestamp comd=0 from 101 to 0 for arm state 0 via 102
2024-08-10 03:50:17 - DEBUG - sent 3.0887999855622184e-05,100, 0 , False
2024-08-10 03:50:17 - DEBUG - sent 0.68,0.0, 0.0 , 271, 0
2024-08-10 03:50:17 - WARNING - Timestamp comd=0 from 101 to 0 for arm state 0 via 102
2024-08-10 03:50:18 - DEBUG - sent 3.0887999855622184e-05,100, 0 , False
2024-08-10 03:50:18 - DEBUG - sent 0.788,0.0, 0.0 , 271, 0
2024-08-10 03:50:18 - WARNING - Timestamp comd=0 from 101 to 0 for arm state 0 via 102
2024-08-10 03:50:19 - DEBUG - sent 3.0887999855622184e-05,100, 0 , False
2024-08-10 03:50:19 - DEBUG - sent 0.791,0.0, 0.0 , 271, 0
2024-08-10 03:50:19 - WARNING - Timestamp comd=0 from 101 to 0 for arm state 0 via 102
2024-08-10 03:50:19 - DEBUG - sent 3.0887999855622184e-05,100, 0 , False
2024-08-10 03:50:20 - DEBUG - sent 0.791,0.0, 0.0 , 271, 0
2024-08-10 03:50:20 - WARNING - Timestamp comd=0 from 101 to 0 for arm state 0 via 102
2024-08-10 03:50:20 - DEBUG - sent 3.0887999855622184e-05,100, 0 , False
2024-08-10 03:50:21 - DEBUG - sent 0.805,0.0, 0.0 , 271, 0
2024-08-10 03:50:21 - WARNING - Timestamp comd=0 from 101 to 0 for arm state 0 via 102
2024-08-10 03:50:21 - DEBUG - sent 3.0887999855622184e-05,100, 0 , False
2024-08-10 03:50:21 - DEBUG - sent 0.822,0.0, 0.0 , 271, 0
2024-08-10 03:50:22 - WARNING - Timestamp comd=0 from 101 to 0 for arm state 0 via 102
2024-08-10 03:50:22 - DEBUG - sent 3.0887999855622184e-05,100, 0 , False
2024-08-10 03:50:22 - DEBUG - sent 0.788,0.0, 0.0 , 271, 0
2024-08-10 03:50:23 - WARNING - Timestamp comd=0 from 101 to 0 for arm state 0 via 102
2024-08-10 03:50:23 - DEBUG - sent 3.0887999855622184e-05,100, 0 , False
2024-08-10 03:50:23 - DEBUG - sent 0.768,0.0, 0.0 , 271, 0
2024-08-10 03:50:23 - WARNING - Timestamp comd=0 from 101 to 0 for arm state 0 via 102
2024-08-10 03:50:24 - DEBUG - sent 3.0887999855622184e-05,100, 0 , False
2024-08-10 03:50:24 - DEBUG - sent 0.847,0.0, 0.0 , 271, 0
2024-08-10 03:50:24 - WARNING - Timestamp comd=0 from 101 to 0 for arm state 0 via 102
2024-08-10 03:50:25 - DEBUG - sent 3.0887999855622184e-05,100, 0 , False
2024-08-10 03:50:25 - DEBUG - sent 0.7,0.0, 0.0 , 271, 0
2024-08-10 03:50:25 - WARNING - Timestamp comd=0 from 101 to 0 for arm state 0 via 102
2024-08-10 03:50:26 - DEBUG - sent 3.0887999855622184e-05,100, 0 , False
2024-08-10 03:50:26 - DEBUG - sent 0.768,0.0, 0.0 , 271, 0
2024-08-10 03:50:26 - WARNING - Timestamp comd=0 from 101 to 0 for arm state 0 via 102
2024-08-10 03:50:27 - DEBUG - sent 3.0887999855622184e-05,100, 0 , False
2024-08-10 03:50:27 - DEBUG - sent 0.649,0.0, 0.0 , 271, 0
2024-08-10 03:50:27 - WARNING - Timestamp comd=0 from 101 to 0 for arm state 0 via 102
2024-08-10 03:50:28 - DEBUG - sent 3.0887999855622184e-05,100, 0 , False
2024-08-10 03:50:28 - DEBUG - sent 1.003,0.0, 0.0 , 271, 0
2024-08-10 03:50:28 - WARNING - Timestamp comd=0 from 101 to 0 for arm state 0 via 102
2024-08-10 03:50:29 - DEBUG - sent 3.0887999855622184e-05,100, 0 , False
2024-08-10 03:50:29 - DEBUG - sent 0.813,0.0, 0.0 , 271, 0
2024-08-10 03:50:29 - WARNING - Timestamp comd=0 from 101 to 0 for arm state 0 via 102
2024-08-10 03:50:30 - DEBUG - sent 3.0887999855622184e-05,100, 0 , False
2024-08-10 03:50:30 - DEBUG - sent 0.731,0.0, 0.0 , 271, 0
2024-08-10 03:50:30 - WARNING - Timestamp comd=0 from 101 to 0 for arm state 0 via 102
2024-08-10 03:50:31 - DEBUG - sent 3.0887999855622184e-05,100, 0 , False
2024-08-10 03:50:31 - DEBUG - sent 0.929,0.0, 0.0 , 271, 0
2024-08-10 03:50:31 - WARNING - Timestamp comd=0 from 101 to 0 for arm state 0 via 102
2024-08-10 03:50:32 - DEBUG - sent 3.0887999855622184e-05,100, 0 , False
2024-08-10 03:50:32 - DEBUG - sent 0.861,0.0, 0.0 , 271, 0
2024-08-10 03:50:32 - WARNING - Timestamp comd=0 from 101 to 0 for arm state 0 via 102
2024-08-10 03:50:33 - DEBUG - sent 3.0887999855622184e-05,100, 0 , False
2024-08-10 03:50:33 - DEBUG - sent 0.898,0.0, 0.0 , 271, 0
2024-08-10 03:50:33 - WARNING - Timestamp comd=0 from 101 to 0 for arm state 0 via 102
2024-08-10 03:50:34 - DEBUG - sent 3.0887999855622184e-05,100, 0 , False
2024-08-10 03:50:34 - DEBUG - sent 0.689,0.0, 0.0 , 271, 0
2024-08-10 03:50:34 - WARNING - Timestamp comd=0 from 101 to 0 for arm state 0 via 102
2024-08-10 03:50:35 - DEBUG - sent 3.0887999855622184e-05,100, 0 , False
2024-08-10 03:50:35 - DEBUG - sent 0.921,0.0, 0.0 , 271, 0
2024-08-10 03:50:35 - WARNING - Timestamp comd=0 from 101 to 0 for arm state 0 via 102
2024-08-10 03:50:36 - DEBUG - sent 3.0887999855622184e-05,100, 0 , False
2024-08-10 03:50:36 - DEBUG - sent 0.72,0.0, 0.0 , 271, 0
2024-08-10 03:50:36 - WARNING - Timestamp comd=0 from 101 to 0 for arm state 0 via 102
2024-08-10 03:50:37 - DEBUG - sent 3.0887999855622184e-05,100, 0 , False
2024-08-10 03:50:37 - DEBUG - sent 0.892,0.0, 0.0 , 271, 0
2024-08-10 03:50:37 - WARNING - Timestamp comd=0 from 101 to 0 for arm state 0 via 102
2024-08-10 03:50:38 - DEBUG - sent 3.0887999855622184e-05,100, 0 , False
2024-08-10 03:50:38 - DEBUG - sent 0.534,0.0, 0.0 , 271, 0
2024-08-10 03:50:38 - WARNING - Timestamp comd=0 from 101 to 0 for arm state 0 via 102
2024-08-10 03:50:39 - DEBUG - sent 3.0887999855622184e-05,100, 0 , False
2024-08-10 03:50:39 - DEBUG - sent 1.07,0.0, 0.0 , 271, 0
2024-08-10 03:50:39 - WARNING - Timestamp comd=0 from 101 to 0 for arm state 0 via 102
2024-08-10 03:50:40 - DEBUG - sent 3.0887999855622184e-05,100, 0 , False
2024-08-10 03:50:40 - DEBUG - sent 0.912,0.0, 0.0 , 271, 0
2024-08-10 03:50:40 - WARNING - Timestamp comd=0 from 101 to 0 for arm state 0 via 102
2024-08-10 03:50:41 - DEBUG - sent 3.0887999855622184e-05,100, 0 , False
2024-08-10 03:50:41 - DEBUG - sent 0.703,0.0, 0.0 , 271, 0
2024-08-10 03:50:41 - WARNING - Timestamp comd=0 from 101 to 0 for arm state 0 via 102
2024-08-10 03:50:41 - DEBUG - sent 3.0887999855622184e-05,100, 0 , False
2024-08-10 03:50:42 - DEBUG - sent 0.819,0.0, 0.0 , 271, 0
2024-08-10 03:50:42 - WARNING - Timestamp comd=0 from 101 to 0 for arm state 0 via 102
2024-08-10 03:50:43 - DEBUG - sent 3.0887999855622184e-05,100, 0 , False
2024-08-10 03:50:43 - DEBUG - sent 0.777,0.0, 0.0 , 271, 0
2024-08-10 03:50:43 - WARNING - Timestamp comd=0 from 101 to 0 for arm state 0 via 102
2024-08-10 03:50:44 - DEBUG - sent 3.0887999855622184e-05,100, 0 , False
2024-08-10 03:50:44 - DEBUG - sent 0.816,0.0, 0.0 , 271, 0
2024-08-10 03:50:44 - WARNING - Timestamp comd=0 from 101 to 0 for arm state 0 via 102
2024-08-10 03:50:44 - DEBUG - sent 3.0887999855622184e-05,100, 0 , False
2024-08-10 03:50:45 - DEBUG - sent 0.627,0.0, 0.0 , 271, 0
2024-08-10 03:50:45 - WARNING - Timestamp comd=0 from 101 to 0 for arm state 0 via 102
2024-08-10 03:50:46 - DEBUG - sent 3.0887999855622184e-05,100, 0 , False
2024-08-10 03:50:46 - DEBUG - sent 0.901,0.0, 0.0 , 271, 0
2024-08-10 03:50:46 - WARNING - Timestamp comd=0 from 101 to 0 for arm state 0 via 102
2024-08-10 03:50:46 - DEBUG - sent 3.0887999855622184e-05,100, 0 , False
2024-08-10 03:50:47 - DEBUG - sent 0.929,0.0, 0.0 , 271, 0
2024-08-10 03:50:47 - WARNING - Timestamp comd=0 from 101 to 0 for arm state 0 via 102
2024-08-10 03:50:47 - DEBUG - sent 3.0887999855622184e-05,100, 0 , False
2024-08-10 03:50:48 - DEBUG - sent 1.048,0.0, 0.0 , 271, 0
2024-08-10 03:50:48 - WARNING - Timestamp comd=0 from 101 to 0 for arm state 0 via 102
2024-08-10 03:50:49 - DEBUG - sent 3.0887999855622184e-05,100, 0 , False
2024-08-10 03:50:49 - DEBUG - sent 0.596,0.0, 0.0 , 271, 0
2024-08-10 03:50:49 - WARNING - Timestamp comd=0 from 101 to 0 for arm state 0 via 102
2024-08-10 03:50:49 - DEBUG - sent 3.0887999855622184e-05,100, 0 , False
2024-08-10 03:50:50 - DEBUG - sent 0.853,0.0, 0.0 , 271, 0
2024-08-10 03:50:50 - WARNING - Timestamp comd=0 from 101 to 0 for arm state 0 via 102
2024-08-10 03:50:50 - DEBUG - sent 3.0887999855622184e-05,100, 0 , False
2024-08-10 03:50:50 - DEBUG - sent 1.045,0.0, 0.0 , 271, 0
2024-08-10 03:50:51 - WARNING - Timestamp comd=0 from 101 to 0 for arm state 0 via 102
2024-08-10 03:50:51 - DEBUG - sent 3.0887999855622184e-05,100, 0 , False
2024-08-10 03:50:51 - DEBUG - sent 0.596,0.0, 0.0 , 271, 0
2024-08-10 03:50:51 - WARNING - Timestamp comd=0 from 101 to 0 for arm state 0 via 102
2024-08-10 03:50:52 - DEBUG - sent 3.0887999855622184e-05,100, 0 , False
2024-08-10 03:50:52 - DEBUG - sent 1.008,0.0, 0.0 , 271, 0
2024-08-10 03:50:52 - WARNING - Timestamp comd=0 from 101 to 0 for arm state 0 via 102
2024-08-10 03:50:52 - DEBUG - sent 3.0887999855622184e-05,100, 0 , False
2024-08-10 03:50:53 - DEBUG - sent 1.076,0.0, 0.0 , 271, 0
2024-08-10 03:50:53 - WARNING - Timestamp comd=0 from 101 to 0 for arm state 0 via 102
2024-08-10 03:50:53 - DEBUG - sent 3.0887999855622184e-05,100, 0 , False
2024-08-10 03:50:54 - DEBUG - sent 0.621,0.0, 0.0 , 271, 0
2024-08-10 03:50:54 - WARNING - Timestamp comd=0 from 101 to 0 for arm state 0 via 102
2024-08-10 03:50:54 - DEBUG - sent 3.0887999855622184e-05,100, 0 , False
2024-08-10 03:50:54 - DEBUG - sent 1.102,0.0, 0.0 , 271, 0
2024-08-10 03:50:55 - WARNING - Timestamp comd=0 from 101 to 0 for arm state 0 via 102
2024-08-10 03:50:55 - DEBUG - sent 3.0887999855622184e-05,100, 0 , False
2024-08-10 03:50:55 - DEBUG - sent 0.827,0.0, 0.0 , 271, 0
2024-08-10 03:50:56 - WARNING - Timestamp comd=0 from 101 to 0 for arm state 0 via 102
2024-08-10 03:50:56 - DEBUG - sent 3.0887999855622184e-05,100, 0 , False
2024-08-10 03:50:56 - DEBUG - sent 0.76,0.0, 0.0 , 271, 0
2024-08-10 03:50:57 - WARNING - Timestamp comd=0 from 101 to 0 for arm state 0 via 102
2024-08-10 03:50:57 - DEBUG - sent 3.0887999855622184e-05,100, 0 , False
2024-08-10 03:50:57 - DEBUG - sent 0.949,0.0, 0.0 , 271, 0
2024-08-10 03:50:58 - WARNING - Timestamp comd=0 from 101 to 0 for arm state 0 via 102
2024-08-10 03:50:58 - DEBUG - sent 3.0887999855622184e-05,100, 0 , False
2024-08-10 03:50:58 - DEBUG - sent 1.07,0.0, 0.0 , 271, 0
2024-08-10 03:50:59 - WARNING - Timestamp comd=0 from 101 to 0 for arm state 0 via 102
2024-08-10 03:50:59 - DEBUG - sent 3.0887999855622184e-05,100, 0 , False
2024-08-10 03:50:59 - DEBUG - sent 0.85,0.0, 0.0 , 271, 0
2024-08-10 03:51:00 - WARNING - Timestamp comd=0 from 101 to 0 for arm state 0 via 102
2024-08-10 03:51:00 - DEBUG - sent 3.0887999855622184e-05,100, 0 , False
2024-08-10 03:51:00 - DEBUG - sent 0.802,0.0, 0.0 , 271, 0
2024-08-10 03:51:01 - WARNING - Timestamp comd=0 from 101 to 0 for arm state 0 via 102
2024-08-10 03:51:01 - DEBUG - sent 3.0887999855622184e-05,100, 0 , False
2024-08-10 03:51:01 - DEBUG - sent 0.81,0.0, 0.0 , 271, 0
2024-08-10 03:51:02 - WARNING - Timestamp comd=0 from 101 to 0 for arm state 0 via 102
2024-08-10 03:51:02 - DEBUG - sent 3.0887999855622184e-05,100, 0 , False
2024-08-10 03:51:02 - DEBUG - sent 0.847,0.0, 0.0 , 271, 0
2024-08-10 03:51:03 - WARNING - Timestamp comd=0 from 101 to 0 for arm state 0 via 102
2024-08-10 03:51:03 - DEBUG - sent 3.0887999855622184e-05,100, 0 , False
2024-08-10 03:51:03 - DEBUG - sent 0.796,0.0, 0.0 , 271, 0
2024-08-10 03:51:04 - WARNING - Timestamp comd=0 from 101 to 0 for arm state 0 via 102
2024-08-10 03:51:04 - DEBUG - sent 3.0887999855622184e-05,100, 0 , False
2024-08-10 03:51:04 - DEBUG - sent 0.607,0.0, 0.0 , 271, 0
2024-08-10 03:51:05 - WARNING - Timestamp comd=0 from 101 to 0 for arm state 0 via 102
2024-08-10 03:51:05 - DEBUG - sent 3.0887999855622184e-05,100, 0 , False
2024-08-10 03:51:06 - DEBUG - sent 0.683,0.0, 0.0 , 271, 0
2024-08-10 03:51:06 - WARNING - Timestamp comd=0 from 101 to 0 for arm state 0 via 102
2024-08-10 03:51:06 - DEBUG - sent 3.0887999855622184e-05,100, 0 , False
2024-08-10 03:51:07 - DEBUG - sent 0.822,0.0, 0.0 , 271, 0
2024-08-10 03:51:07 - WARNING - Timestamp comd=0 from 101 to 0 for arm state 0 via 102
2024-08-10 03:51:07 - DEBUG - sent 3.0887999855622184e-05,100, 0 , False
2024-08-10 03:51:08 - DEBUG - sent 0.796,0.0, 0.0 , 271, 0
2024-08-10 03:51:08 - WARNING - Timestamp comd=0 from 101 to 0 for arm state 0 via 102
2024-08-10 03:51:08 - DEBUG - sent 3.0887999855622184e-05,100, 0 , False
2024-08-10 03:51:09 - DEBUG - sent 0.686,0.0, 0.0 , 271, 0
2024-08-10 03:51:09 - WARNING - Timestamp comd=0 from 101 to 0 for arm state 0 via 102
2024-08-10 03:51:10 - DEBUG - sent 3.0887999855622184e-05,100, 0 , False
2024-08-10 03:51:10 - DEBUG - sent 0.994,0.0, 0.0 , 271, 0
2024-08-10 03:51:10 - WARNING - Timestamp comd=0 from 101 to 0 for arm state 0 via 102
2024-08-10 03:51:11 - DEBUG - sent 3.0887999855622184e-05,100, 0 , False
2024-08-10 03:51:11 - DEBUG - sent 0.777,0.0, 0.0 , 271, 0
2024-08-10 03:51:11 - WARNING - Timestamp comd=0 from 101 to 0 for arm state 0 via 102
2024-08-10 03:51:12 - DEBUG - sent 3.0887999855622184e-05,100, 0 , False
2024-08-10 03:51:12 - DEBUG - sent 0.983,0.0, 0.0 , 271, 0
2024-08-10 03:51:12 - WARNING - Timestamp comd=0 from 101 to 0 for arm state 0 via 102
2024-08-10 03:51:13 - DEBUG - sent 3.0887999855622184e-05,100, 0 , False
2024-08-10 03:51:13 - DEBUG - sent 0.644,0.0, 0.0 , 271, 0
2024-08-10 03:51:13 - WARNING - Timestamp comd=0 from 101 to 0 for arm state 0 via 102
2024-08-10 03:51:14 - DEBUG - sent 3.0887999855622184e-05,100, 0 , False
2024-08-10 03:51:14 - DEBUG - sent 0.994,0.0, 0.0 , 271, 0
2024-08-10 03:51:15 - WARNING - Timestamp comd=0 from 101 to 0 for arm state 0 via 102
2024-08-10 03:51:15 - DEBUG - sent 3.0887999855622184e-05,100, 0 , False
2024-08-10 03:51:15 - DEBUG - sent 0.895,0.0, 0.0 , 271, 0
2024-08-10 03:51:16 - WARNING - Timestamp comd=0 from 101 to 0 for arm state 0 via 102
2024-08-10 03:51:16 - DEBUG - sent 3.0887999855622184e-05,100, 0 , False
2024-08-10 03:51:16 - DEBUG - sent 1.135,0.0, 0.0 , 271, 0
2024-08-10 03:51:17 - WARNING - Timestamp comd=0 from 101 to 0 for arm state 0 via 102
2024-08-10 03:51:17 - DEBUG - sent 3.0887999855622184e-05,100, 0 , False
2024-08-10 03:51:17 - DEBUG - sent 1.118,0.0, 0.0 , 271, 0
2024-08-10 03:51:18 - WARNING - Timestamp comd=0 from 101 to 0 for arm state 0 via 102
2024-08-10 03:51:18 - DEBUG - sent 3.0887999855622184e-05,100, 0 , False
2024-08-10 03:51:18 - DEBUG - sent 1.22,0.0, 0.0 , 271, 0
2024-08-10 03:51:19 - WARNING - Timestamp comd=0 from 101 to 0 for arm state 0 via 102
2024-08-10 03:51:19 - DEBUG - sent 3.0887999855622184e-05,100, 0 , False
2024-08-10 03:51:19 - DEBUG - sent 0.842,0.0, 0.0 , 271, 0
2024-08-10 03:51:19 - WARNING - Timestamp comd=0 from 101 to 0 for arm state 0 via 102
2024-08-10 03:51:20 - DEBUG - sent 3.0887999855622184e-05,100, 0 , False
2024-08-10 03:51:20 - DEBUG - sent 0.853,0.0, 0.0 , 271, 0
2024-08-10 03:51:20 - WARNING - Timestamp comd=0 from 101 to 0 for arm state 0 via 102
2024-08-10 03:51:21 - DEBUG - sent 3.0887999855622184e-05,100, 0 , False
2024-08-10 03:51:21 - DEBUG - sent 0.898,0.0, 0.0 , 271, 0
2024-08-10 03:51:21 - WARNING - Timestamp comd=0 from 101 to 0 for arm state 0 via 102
2024-08-10 03:51:21 - DEBUG - sent 3.0887999855622184e-05,100, 0 , False
2024-08-10 03:51:22 - DEBUG - sent 1.017,0.0, 0.0 , 271, 0
2024-08-10 03:51:22 - WARNING - Timestamp comd=0 from 101 to 0 for arm state 0 via 102
2024-08-10 03:51:22 - DEBUG - sent 3.0887999855622184e-05,100, 0 , False
2024-08-10 03:51:23 - DEBUG - sent 1.008,0.0, 0.0 , 271, 0
2024-08-10 03:51:23 - WARNING - Timestamp comd=0 from 101 to 0 for arm state 0 via 102
2024-08-10 03:51:23 - DEBUG - sent 3.0887999855622184e-05,100, 0 , False
2024-08-10 03:51:24 - DEBUG - sent 0.638,0.0, 0.0 , 271, 0
2024-08-10 03:51:24 - WARNING - Timestamp comd=0 from 101 to 0 for arm state 0 via 102
2024-08-10 03:51:24 - DEBUG - sent 3.0887999855622184e-05,100, 0 , False
2024-08-10 03:51:24 - DEBUG - sent 1.0,0.0, 0.0 , 271, 0
2024-08-10 03:51:25 - WARNING - Timestamp comd=0 from 101 to 0 for arm state 0 via 102
2024-08-10 03:51:25 - DEBUG - sent 3.0887999855622184e-05,100, 0 , False
2024-08-10 03:51:25 - DEBUG - sent 1.045,0.0, 0.0 , 271, 0
2024-08-10 03:51:26 - WARNING - Timestamp comd=0 from 101 to 0 for arm state 0 via 102
2024-08-10 03:51:26 - DEBUG - sent 3.0887999855622184e-05,100, 0 , False
2024-08-10 03:51:26 - DEBUG - sent 0.635,0.0, 0.0 , 271, 0
2024-08-10 03:51:26 - WARNING - Timestamp comd=0 from 101 to 0 for arm state 0 via 102
2024-08-10 03:51:27 - DEBUG - sent 3.0887999855622184e-05,100, 0 , False
2024-08-10 03:51:27 - DEBUG - sent 0.545,0.0, 0.0 , 271, 0
2024-08-10 03:51:27 - WARNING - Timestamp comd=0 from 101 to 0 for arm state 0 via 102
2024-08-10 03:51:28 - DEBUG - sent 3.0887999855622184e-05,100, 0 , False
2024-08-10 03:51:28 - DEBUG - sent 1.079,0.0, 0.0 , 271, 0
2024-08-10 03:51:28 - WARNING - Timestamp comd=0 from 101 to 0 for arm state 0 via 102
2024-08-10 03:51:29 - DEBUG - sent 3.0887999855622184e-05,100, 0 , False
2024-08-10 03:51:29 - DEBUG - sent 0.68,0.0, 0.0 , 271, 0
2024-08-10 03:51:29 - WARNING - Timestamp comd=0 from 101 to 0 for arm state 0 via 102
2024-08-10 03:51:30 - DEBUG - sent 3.0887999855622184e-05,100, 0 , False
2024-08-10 03:51:30 - DEBUG - sent 0.689,0.0, 0.0 , 271, 0
2024-08-10 03:51:30 - WARNING - Timestamp comd=0 from 101 to 0 for arm state 0 via 102
2024-08-10 03:51:31 - DEBUG - sent 3.0887999855622184e-05,100, 0 , False
2024-08-10 03:51:31 - DEBUG - sent 0.81,0.0, 0.0 , 271, 0
2024-08-10 03:51:31 - WARNING - Timestamp comd=0 from 101 to 0 for arm state 0 via 102
2024-08-10 03:51:32 - DEBUG - sent 3.0887999855622184e-05,100, 0 , False
2024-08-10 03:51:32 - DEBUG - sent 0.895,0.0, 0.0 , 271, 0
2024-08-10 03:51:32 - WARNING - Timestamp comd=0 from 101 to 0 for arm state 0 via 102
2024-08-10 03:51:33 - DEBUG - sent 3.0887999855622184e-05,100, 0 , False
2024-08-10 03:51:33 - DEBUG - sent 0.779,0.0, 0.0 , 271, 0
2024-08-10 03:51:34 - WARNING - Timestamp comd=0 from 101 to 0 for arm state 0 via 102
2024-08-10 03:51:34 - DEBUG - sent 3.0887999855622184e-05,100, 0 , False
2024-08-10 03:51:34 - DEBUG - sent 1.011,0.0, 0.0 , 271, 0
2024-08-10 03:51:35 - WARNING - Timestamp comd=0 from 101 to 0 for arm state 0 via 102
2024-08-10 03:51:35 - DEBUG - sent 3.0887999855622184e-05,100, 0 , False
2024-08-10 03:51:35 - DEBUG - sent 1.053,0.0, 0.0 , 271, 0
2024-08-10 03:51:36 - WARNING - Timestamp comd=0 from 101 to 0 for arm state 0 via 102
2024-08-10 03:51:36 - DEBUG - sent 3.0887999855622184e-05,100, 0 , False
2024-08-10 03:51:36 - DEBUG - sent 0.991,0.0, 0.0 , 271, 0
2024-08-10 03:51:37 - WARNING - Timestamp comd=0 from 101 to 0 for arm state 0 via 102
2024-08-10 03:51:37 - DEBUG - sent 3.0887999855622184e-05,100, 0 , False
2024-08-10 03:51:38 - DEBUG - sent 0.873,0.0, 0.0 , 271, 0
2024-08-10 03:51:38 - WARNING - Timestamp comd=0 from 101 to 0 for arm state 0 via 102
2024-08-10 03:51:38 - DEBUG - sent 3.0887999855622184e-05,100, 0 , False
2024-08-10 03:51:39 - DEBUG - sent 0.655,0.0, 0.0 , 271, 0
2024-08-10 03:51:39 - WARNING - Timestamp comd=0 from 101 to 0 for arm state 0 via 102
2024-08-10 03:51:39 - DEBUG - sent 3.0887999855622184e-05,100, 0 , False
2024-08-10 03:51:40 - DEBUG - sent 1.053,0.0, 0.0 , 271, 0
2024-08-10 03:51:40 - WARNING - Timestamp comd=0 from 101 to 0 for arm state 0 via 102
2024-08-10 03:51:40 - DEBUG - sent 3.0887999855622184e-05,100, 0 , False
2024-08-10 03:51:41 - DEBUG - sent 0.796,0.0, 0.0 , 271, 0
2024-08-10 03:51:41 - WARNING - Timestamp comd=0 from 101 to 0 for arm state 0 via 102
2024-08-10 03:51:41 - DEBUG - sent 3.0887999855622184e-05,100, 0 , False
2024-08-10 03:51:42 - DEBUG - sent 0.695,0.0, 0.0 , 271, 0
2024-08-10 03:51:42 - WARNING - Timestamp comd=0 from 101 to 0 for arm state 0 via 102
2024-08-10 03:51:42 - DEBUG - sent 3.0887999855622184e-05,100, 0 , False
2024-08-10 03:51:43 - DEBUG - sent 0.567,0.0, 0.0 , 271, 0
2024-08-10 03:51:43 - WARNING - Timestamp comd=0 from 101 to 0 for arm state 0 via 102
2024-08-10 03:51:44 - DEBUG - sent 3.0887999855622184e-05,100, 0 , False
2024-08-10 03:51:45 - DEBUG - sent 0.949,0.0, 0.0 , 271, 0
2024-08-10 03:51:45 - WARNING - Timestamp comd=0 from 101 to 0 for arm state 0 via 102
2024-08-10 03:51:46 - DEBUG - sent 3.0887999855622184e-05,100, 0 , False
2024-08-10 03:51:46 - DEBUG - sent 1.034,0.0, 0.0 , 271, 0
2024-08-10 03:51:46 - WARNING - Timestamp comd=0 from 101 to 0 for arm state 0 via 102
2024-08-10 03:51:47 - DEBUG - sent 3.0887999855622184e-05,100, 0 , False
2024-08-10 03:51:48 - DEBUG - sent 0.593,0.0, 0.0 , 271, 0
2024-08-10 03:51:48 - WARNING - Timestamp comd=0 from 101 to 0 for arm state 0 via 102
2024-08-10 03:51:48 - DEBUG - sent 3.0887999855622184e-05,100, 0 , False
2024-08-10 03:51:49 - DEBUG - sent 0.469,0.0, 0.0 , 271, 0
2024-08-10 03:51:49 - WARNING - Timestamp comd=0 from 101 to 0 for arm state 0 via 102
2024-08-10 03:51:50 - DEBUG - sent 3.0887999855622184e-05,100, 0 , False
2024-08-10 03:51:50 - DEBUG - sent 0.59,0.0, 0.0 , 271, 0
2024-08-10 03:51:50 - WARNING - Timestamp comd=0 from 101 to 0 for arm state 0 via 102
2024-08-10 03:51:51 - DEBUG - sent 3.0887999855622184e-05,100, 0 , False
2024-08-10 03:51:51 - DEBUG - sent 0.768,0.0, 0.0 , 271, 0
2024-08-10 03:51:52 - WARNING - Timestamp comd=0 from 101 to 0 for arm state 0 via 102
2024-08-10 03:51:52 - DEBUG - sent 3.0887999855622184e-05,100, 0 , False
2024-08-10 03:51:52 - DEBUG - sent 0.827,0.0, 0.0 , 271, 0
2024-08-10 03:51:53 - WARNING - Timestamp comd=0 from 101 to 0 for arm state 0 via 102
2024-08-10 03:51:53 - DEBUG - sent 3.0887999855622184e-05,100, 0 , False
2024-08-10 03:51:54 - DEBUG - sent 1.042,0.0, 0.0 , 271, 0
2024-08-10 03:51:54 - WARNING - Timestamp comd=0 from 101 to 0 for arm state 0 via 102
2024-08-10 03:51:55 - DEBUG - sent 3.0887999855622184e-05,100, 0 , False
2024-08-10 03:51:55 - DEBUG - sent 0.599,0.0, 0.0 , 271, 0
2024-08-10 03:51:55 - WARNING - Timestamp comd=0 from 101 to 0 for arm state 0 via 102
2024-08-10 03:51:56 - DEBUG - sent 3.0887999855622184e-05,100, 0 , False
2024-08-10 03:51:56 - DEBUG - sent 0.635,0.0, 0.0 , 271, 0
2024-08-10 03:51:56 - WARNING - Timestamp comd=0 from 101 to 0 for arm state 0 via 102
2024-08-10 03:51:57 - DEBUG - sent 3.0887999855622184e-05,100, 0 , False
2024-08-10 03:51:57 - DEBUG - sent 1.085,0.0, 0.0 , 271, 0
2024-08-10 03:51:57 - WARNING - Timestamp comd=0 from 101 to 0 for arm state 0 via 102
2024-08-10 03:51:58 - DEBUG - sent 3.0887999855622184e-05,100, 0 , False
2024-08-10 03:51:58 - DEBUG - sent 0.89,0.0, 0.0 , 271, 0
2024-08-10 03:51:58 - WARNING - Timestamp comd=0 from 101 to 0 for arm state 0 via 102
2024-08-10 03:51:58 - DEBUG - sent 3.0887999855622184e-05,100, 0 , False
2024-08-10 03:51:58 - DEBUG - sent 0.652,0.0, 0.0 , 271, 0
2024-08-10 03:51:59 - WARNING - Timestamp comd=0 from 101 to 0 for arm state 0 via 102
2024-08-10 03:51:59 - DEBUG - sent 3.0887999855622184e-05,100, 0 , False
2024-08-10 03:51:59 - DEBUG - sent 0.511,0.0, 0.0 , 271, 0
2024-08-10 03:51:59 - WARNING - Timestamp comd=0 from 101 to 0 for arm state 0 via 102
2024-08-10 03:52:00 - DEBUG - sent 3.0887999855622184e-05,100, 0 , False
2024-08-10 03:52:00 - DEBUG - sent 1.07,0.0, 0.0 , 271, 0
2024-08-10 03:52:00 - WARNING - Timestamp comd=0 from 101 to 0 for arm state 0 via 102
2024-08-10 03:52:01 - DEBUG - sent 3.0887999855622184e-05,100, 0 , False
2024-08-10 03:52:01 - DEBUG - sent 0.505,0.0, 0.0 , 271, 0
2024-08-10 03:52:01 - WARNING - Timestamp comd=0 from 101 to 0 for arm state 0 via 102
2024-08-10 03:52:01 - DEBUG - sent 3.0887999855622184e-05,100, 0 , False
2024-08-10 03:52:02 - DEBUG - sent 1.042,0.0, 0.0 , 271, 0
2024-08-10 03:52:02 - WARNING - Timestamp comd=0 from 101 to 0 for arm state 0 via 102
2024-08-10 03:52:02 - DEBUG - sent 3.0887999855622184e-05,100, 0 , False
2024-08-10 03:52:02 - DEBUG - sent 0.706,0.0, 0.0 , 271, 0
2024-08-10 03:52:03 - WARNING - Timestamp comd=0 from 101 to 0 for arm state 0 via 102
2024-08-10 03:52:03 - DEBUG - sent 3.0887999855622184e-05,100, 0 , False
2024-08-10 03:52:03 - DEBUG - sent 1.017,0.0, 0.0 , 271, 0
2024-08-10 03:52:04 - WARNING - Timestamp comd=0 from 101 to 0 for arm state 0 via 102
2024-08-10 03:52:04 - DEBUG - sent 3.0887999855622184e-05,100, 0 , False
2024-08-10 03:52:04 - DEBUG - sent 0.81,0.0, 0.0 , 271, 0
2024-08-10 03:52:05 - WARNING - Timestamp comd=0 from 101 to 0 for arm state 0 via 102
2024-08-10 03:52:05 - DEBUG - sent 3.0887999855622184e-05,100, 0 , False
2024-08-10 03:52:06 - DEBUG - sent 0.729,0.0, 0.0 , 271, 0
2024-08-10 03:52:06 - WARNING - Timestamp comd=0 from 101 to 0 for arm state 0 via 102
2024-08-10 03:52:06 - DEBUG - sent 3.0887999855622184e-05,100, 0 , False
2024-08-10 03:52:06 - DEBUG - sent 0.435,0.0, 0.0 , 271, 0
2024-08-10 03:52:07 - WARNING - Timestamp comd=0 from 101 to 0 for arm state 0 via 102
2024-08-10 03:52:07 - DEBUG - sent 3.0887999855622184e-05,100, 0 , False
2024-08-10 03:52:07 - DEBUG - sent 0.827,0.0, 0.0 , 271, 0
2024-08-10 03:52:07 - WARNING - Timestamp comd=0 from 101 to 0 for arm state 0 via 102
2024-08-10 03:52:07 - DEBUG - sent 3.0887999855622184e-05,100, 0 , False
2024-08-10 03:52:08 - DEBUG - sent 0.661,0.0, 0.0 , 271, 0
2024-08-10 03:52:08 - WARNING - Timestamp comd=0 from 101 to 0 for arm state 0 via 102
2024-08-10 03:52:08 - DEBUG - sent 3.0887999855622184e-05,100, 0 , False
2024-08-10 03:52:08 - DEBUG - sent 0.714,0.0, 0.0 , 271, 0
2024-08-10 03:52:08 - WARNING - Timestamp comd=0 from 101 to 0 for arm state 0 via 102
2024-08-10 03:52:09 - DEBUG - sent 3.0887999855622184e-05,100, 0 , False
2024-08-10 03:52:09 - DEBUG - sent 0.576,0.0, 0.0 , 271, 0
2024-08-10 03:52:09 - WARNING - Timestamp comd=0 from 101 to 0 for arm state 0 via 102
2024-08-10 03:52:09 - DEBUG - sent 3.0887999855622184e-05,100, 0 , False
2024-08-10 03:52:10 - DEBUG - sent 0.551,0.0, 0.0 , 271, 0
2024-08-10 03:52:10 - WARNING - Timestamp comd=0 from 101 to 0 for arm state 0 via 102
2024-08-10 03:52:10 - DEBUG - sent 3.0887999855622184e-05,100, 0 , False
2024-08-10 03:52:10 - DEBUG - sent 0.689,0.0, 0.0 , 271, 0
2024-08-10 03:52:10 - WARNING - Timestamp comd=0 from 101 to 0 for arm state 0 via 102
2024-08-10 03:52:11 - DEBUG - sent 3.0887999855622184e-05,100, 0 , False
2024-08-10 03:52:11 - DEBUG - sent 0.61,0.0, 0.0 , 271, 0
2024-08-10 03:52:11 - WARNING - Timestamp comd=0 from 101 to 0 for arm state 0 via 102
2024-08-10 03:52:11 - DEBUG - sent 3.0887999855622184e-05,100, 0 , False
2024-08-10 03:52:12 - DEBUG - sent 0.799,0.0, 0.0 , 271, 0
2024-08-10 03:52:12 - WARNING - Timestamp comd=0 from 101 to 0 for arm state 0 via 102
2024-08-10 03:52:12 - DEBUG - sent 3.0887999855622184e-05,100, 0 , False
2024-08-10 03:52:12 - DEBUG - sent 0.717,0.0, 0.0 , 271, 0
2024-08-10 03:52:12 - WARNING - Timestamp comd=0 from 101 to 0 for arm state 0 via 102
2024-08-10 03:52:13 - DEBUG - sent 3.0887999855622184e-05,100, 0 , False
2024-08-10 03:52:13 - DEBUG - sent 0.463,0.0, 0.0 , 271, 0
2024-08-10 03:52:13 - WARNING - Timestamp comd=0 from 101 to 0 for arm state 0 via 102
2024-08-10 03:52:13 - DEBUG - sent 3.0887999855622184e-05,100, 0 , False
2024-08-10 03:52:14 - DEBUG - sent 0.534,0.0, 0.0 , 271, 0
2024-08-10 03:52:14 - WARNING - Timestamp comd=0 from 101 to 0 for arm state 0 via 102
2024-08-10 03:52:14 - DEBUG - sent 3.0887999855622184e-05,100, 0 , False
2024-08-10 03:52:14 - DEBUG - sent 0.613,0.0, 0.0 , 271, 0
2024-08-10 03:52:14 - WARNING - Timestamp comd=0 from 101 to 0 for arm state 0 via 102
2024-08-10 03:52:15 - DEBUG - sent 3.0887999855622184e-05,100, 0 , False
2024-08-10 03:52:15 - DEBUG - sent 0.545,0.0, 0.0 , 271, 0
2024-08-10 03:52:15 - WARNING - Timestamp comd=0 from 101 to 0 for arm state 0 via 102
2024-08-10 03:52:15 - DEBUG - sent 3.0887999855622184e-05,100, 0 , False
2024-08-10 03:52:15 - DEBUG - sent 0.774,0.0, 0.0 , 271, 0
2024-08-10 03:52:16 - WARNING - Timestamp comd=0 from 101 to 0 for arm state 0 via 102
2024-08-10 03:52:16 - DEBUG - sent 3.0887999855622184e-05,100, 0 , False
2024-08-10 03:52:16 - DEBUG - sent 0.703,0.0, 0.0 , 271, 0
2024-08-10 03:52:17 - WARNING - Timestamp comd=0 from 101 to 0 for arm state 0 via 102
2024-08-10 03:52:17 - DEBUG - sent 3.0887999855622184e-05,100, 0 , False
2024-08-10 03:52:17 - DEBUG - sent 0.85,0.0, 0.0 , 271, 0
2024-08-10 03:52:17 - WARNING - Timestamp comd=0 from 101 to 0 for arm state 0 via 102
2024-08-10 03:52:18 - DEBUG - sent 3.0887999855622184e-05,100, 0 , False
2024-08-10 03:52:18 - DEBUG - sent 0.932,0.0, 0.0 , 271, 0
2024-08-10 03:52:18 - WARNING - Timestamp comd=0 from 101 to 0 for arm state 0 via 102
2024-08-10 03:52:19 - DEBUG - sent 3.0887999855622184e-05,100, 0 , False
2024-08-10 03:52:19 - DEBUG - sent 0.647,0.0, 0.0 , 271, 0
2024-08-10 03:52:19 - WARNING - Timestamp comd=0 from 101 to 0 for arm state 0 via 102
2024-08-10 03:52:19 - DEBUG - sent 3.0887999855622184e-05,100, 0 , False
2024-08-10 03:52:20 - DEBUG - sent 0.89,0.0, 0.0 , 271, 0
2024-08-10 03:52:20 - WARNING - Timestamp comd=0 from 101 to 0 for arm state 0 via 102
2024-08-10 03:52:20 - DEBUG - sent 3.0887999855622184e-05,100, 0 , False
2024-08-10 03:52:21 - DEBUG - sent 0.528,0.0, 0.0 , 271, 0
2024-08-10 03:52:21 - WARNING - Timestamp comd=0 from 101 to 0 for arm state 0 via 102
2024-08-10 03:52:21 - DEBUG - sent 3.0887999855622184e-05,100, 0 , False
2024-08-10 03:52:22 - DEBUG - sent 0.474,0.0, 0.0 , 271, 0
2024-08-10 03:52:22 - WARNING - Timestamp comd=0 from 101 to 0 for arm state 0 via 102
2024-08-10 03:52:22 - DEBUG - sent 3.0887999855622184e-05,100, 0 , False
2024-08-10 03:52:22 - DEBUG - sent 0.63,0.0, 0.0 , 271, 0
2024-08-10 03:52:23 - WARNING - Timestamp comd=0 from 101 to 0 for arm state 0 via 102
2024-08-10 03:52:23 - DEBUG - sent 3.0887999855622184e-05,100, 0 , False
2024-08-10 03:52:23 - DEBUG - sent 0.621,0.0, 0.0 , 271, 0
2024-08-10 03:52:24 - WARNING - Timestamp comd=0 from 101 to 0 for arm state 0 via 102
2024-08-10 03:52:24 - DEBUG - sent 3.0887999855622184e-05,100, 0 , False
2024-08-10 03:52:24 - DEBUG - sent 0.771,0.0, 0.0 , 271, 0
2024-08-10 03:52:25 - WARNING - Timestamp comd=0 from 101 to 0 for arm state 0 via 102
2024-08-10 03:52:25 - DEBUG - sent 3.0887999855622184e-05,100, 0 , False
2024-08-10 03:52:25 - DEBUG - sent 0.519,0.0, 0.0 , 271, 0
2024-08-10 03:52:25 - WARNING - Timestamp comd=0 from 101 to 0 for arm state 0 via 102
2024-08-10 03:52:25 - DEBUG - sent 3.0887999855622184e-05,100, 0 , False
2024-08-10 03:52:26 - DEBUG - sent 0.545,0.0, 0.0 , 271, 0
2024-08-10 03:52:26 - WARNING - Timestamp comd=0 from 101 to 0 for arm state 0 via 102
2024-08-10 03:52:26 - DEBUG - sent 3.0887999855622184e-05,100, 0 , False
2024-08-10 03:52:26 - DEBUG - sent 0.621,0.0, 0.0 , 271, 0
2024-08-10 03:52:26 - WARNING - Timestamp comd=0 from 101 to 0 for arm state 0 via 102
2024-08-10 03:52:27 - DEBUG - sent 3.0887999855622184e-05,100, 0 , False
2024-08-10 03:52:27 - DEBUG - sent 0.59,0.0, 0.0 , 271, 0
2024-08-10 03:52:27 - WARNING - Timestamp comd=0 from 101 to 0 for arm state 0 via 102
2024-08-10 03:52:27 - DEBUG - sent 3.0887999855622184e-05,100, 0 , False
2024-08-10 03:52:28 - DEBUG - sent 0.469,0.0, 0.0 , 271, 0
2024-08-10 03:52:28 - WARNING - Timestamp comd=0 from 101 to 0 for arm state 0 via 102
2024-08-10 03:52:28 - DEBUG - sent 3.0887999855622184e-05,100, 0 , False
2024-08-10 03:52:28 - DEBUG - sent 0.754,0.0, 0.0 , 271, 0
2024-08-10 03:52:28 - WARNING - Timestamp comd=0 from 101 to 0 for arm state 0 via 102
2024-08-10 03:52:29 - DEBUG - sent 3.0887999855622184e-05,100, 0 , False
2024-08-10 03:52:29 - DEBUG - sent 0.68,0.0, 0.0 , 271, 0
2024-08-10 03:52:29 - WARNING - Timestamp comd=0 from 101 to 0 for arm state 0 via 102
2024-08-10 03:52:29 - DEBUG - sent 3.0887999855622184e-05,100, 0 , False
2024-08-10 03:52:29 - DEBUG - sent 0.234,0.0, 0.0 , 271, 0
2024-08-10 03:52:30 - WARNING - Timestamp comd=0 from 101 to 0 for arm state 0 via 102
2024-08-10 03:52:30 - DEBUG - sent 3.0887999855622184e-05,100, 0 , False
2024-08-10 03:52:30 - DEBUG - sent 0.548,0.0, 0.0 , 271, 0
2024-08-10 03:52:31 - WARNING - Timestamp comd=0 from 101 to 0 for arm state 0 via 102
2024-08-10 03:52:31 - DEBUG - sent 3.0887999855622184e-05,100, 0 , False
2024-08-10 03:52:31 - DEBUG - sent 0.528,0.0, 0.0 , 271, 0
2024-08-10 03:52:32 - WARNING - Timestamp comd=0 from 101 to 0 for arm state 0 via 102
2024-08-10 03:52:32 - DEBUG - sent 3.0887999855622184e-05,100, 0 , False
2024-08-10 03:52:32 - DEBUG - sent 0.398,0.0, 0.0 , 271, 0
2024-08-10 03:52:33 - WARNING - Timestamp comd=0 from 101 to 0 for arm state 0 via 102
2024-08-10 03:52:33 - DEBUG - sent 3.0887999855622184e-05,100, 0 , False
2024-08-10 03:52:33 - DEBUG - sent 0.59,0.0, 0.0 , 271, 0
2024-08-10 03:52:34 - WARNING - Timestamp comd=0 from 101 to 0 for arm state 0 via 102
2024-08-10 03:52:34 - DEBUG - sent 3.0887999855622184e-05,100, 0 , False
2024-08-10 03:52:34 - DEBUG - sent 0.423,0.0, 0.0 , 271, 0
2024-08-10 03:52:35 - WARNING - Timestamp comd=0 from 101 to 0 for arm state 0 via 102
2024-08-10 03:52:35 - DEBUG - sent 3.0887999855622184e-05,100, 0 , False
2024-08-10 03:52:35 - DEBUG - sent 0.257,0.0, 0.0 , 271, 0
2024-08-10 03:52:35 - WARNING - Timestamp comd=0 from 101 to 0 for arm state 0 via 102
2024-08-10 03:52:36 - DEBUG - sent 3.0887999855622184e-05,100, 0 , False
2024-08-10 03:52:36 - DEBUG - sent 0.791,0.0, 0.0 , 271, 0
2024-08-10 03:52:36 - WARNING - Timestamp comd=0 from 101 to 0 for arm state 0 via 102
2024-08-10 03:52:37 - DEBUG - sent 3.0887999855622184e-05,100, 0 , False
2024-08-10 03:52:37 - DEBUG - sent 0.584,0.0, 0.0 , 271, 0
2024-08-10 03:52:37 - WARNING - Timestamp comd=0 from 101 to 0 for arm state 0 via 102
2024-08-10 03:52:37 - DEBUG - sent 3.0887999855622184e-05,100, 0 , False
2024-08-10 03:52:38 - DEBUG - sent 0.661,0.0, 0.0 , 271, 0
2024-08-10 03:52:38 - WARNING - Timestamp comd=0 from 101 to 0 for arm state 0 via 102
2024-08-10 03:52:38 - DEBUG - sent 3.0887999855622184e-05,100, 0 , False
2024-08-10 03:52:39 - DEBUG - sent 0.649,0.0, 0.0 , 271, 0
2024-08-10 03:52:39 - WARNING - Timestamp comd=0 from 101 to 0 for arm state 0 via 102
2024-08-10 03:52:39 - DEBUG - sent 3.0887999855622184e-05,100, 0 , False
2024-08-10 03:52:39 - DEBUG - sent 0.551,0.0, 0.0 , 271, 0
2024-08-10 03:52:40 - WARNING - Timestamp comd=0 from 101 to 0 for arm state 0 via 102
2024-08-10 03:52:40 - DEBUG - sent 3.0887999855622184e-05,100, 0 , False
2024-08-10 03:52:40 - DEBUG - sent 0.655,0.0, 0.0 , 271, 0
2024-08-10 03:52:40 - WARNING - Timestamp comd=0 from 101 to 0 for arm state 0 via 102
2024-08-10 03:52:41 - DEBUG - sent 3.0887999855622184e-05,100, 0 , False
2024-08-10 03:52:41 - DEBUG - sent 0.443,0.0, 0.0 , 271, 0
2024-08-10 03:52:41 - WARNING - Timestamp comd=0 from 101 to 0 for arm state 0 via 102
2024-08-10 03:52:42 - DEBUG - sent 3.0887999855622184e-05,100, 0 , False
2024-08-10 03:52:42 - DEBUG - sent 0.621,0.0, 0.0 , 271, 0
2024-08-10 03:52:42 - WARNING - Timestamp comd=0 from 101 to 0 for arm state 0 via 102
2024-08-10 03:52:42 - DEBUG - sent 3.0887999855622184e-05,100, 0 , False
2024-08-10 03:52:42 - DEBUG - sent 0.63,0.0, 0.0 , 271, 0
2024-08-10 03:52:43 - WARNING - Timestamp comd=0 from 101 to 0 for arm state 0 via 102
2024-08-10 03:52:43 - DEBUG - sent 3.0887999855622184e-05,100, 0 , False
2024-08-10 03:52:43 - DEBUG - sent 0.647,0.0, 0.0 , 271, 0
2024-08-10 03:52:43 - WARNING - Timestamp comd=0 from 101 to 0 for arm state 0 via 102
2024-08-10 03:52:43 - DEBUG - sent 3.0887999855622184e-05,100, 0 , False
2024-08-10 03:52:44 - DEBUG - sent 0.618,0.0, 0.0 , 271, 0
2024-08-10 03:52:44 - WARNING - Timestamp comd=0 from 101 to 0 for arm state 0 via 102
2024-08-10 03:52:44 - DEBUG - sent 3.0887999855622184e-05,100, 0 , False
2024-08-10 03:52:44 - DEBUG - sent 0.966,0.0, 0.0 , 271, 0
2024-08-10 03:52:45 - WARNING - Timestamp comd=0 from 101 to 0 for arm state 0 via 102
2024-08-10 03:52:45 - DEBUG - sent 3.0887999855622184e-05,100, 0 , False
2024-08-10 03:52:45 - DEBUG - sent 0.822,0.0, 0.0 , 271, 0
2024-08-10 03:52:45 - WARNING - Timestamp comd=0 from 101 to 0 for arm state 0 via 102
2024-08-10 03:52:46 - DEBUG - sent 3.0887999855622184e-05,100, 0 , False
2024-08-10 03:52:46 - DEBUG - sent 0.782,0.0, 0.0 , 271, 0
2024-08-10 03:52:46 - WARNING - Timestamp comd=0 from 101 to 0 for arm state 0 via 102
2024-08-10 03:52:47 - DEBUG - sent 3.0887999855622184e-05,100, 0 , False
2024-08-10 03:52:47 - DEBUG - sent 0.562,0.0, 0.0 , 271, 0
2024-08-10 03:52:48 - WARNING - Timestamp comd=0 from 101 to 0 for arm state 0 via 102
2024-08-10 03:52:48 - DEBUG - sent 3.0887999855622184e-05,100, 0 , False
2024-08-10 03:52:49 - DEBUG - sent 0.969,0.0, 0.0 , 271, 0
2024-08-10 03:52:49 - WARNING - Timestamp comd=0 from 101 to 0 for arm state 0 via 102
2024-08-10 03:52:50 - DEBUG - sent 3.0887999855622184e-05,100, 0 , False
2024-08-10 03:52:50 - DEBUG - sent 0.692,0.0, 0.0 , 271, 0
2024-08-10 03:52:50 - WARNING - Timestamp comd=0 from 101 to 0 for arm state 0 via 102
2024-08-10 03:52:51 - DEBUG - sent 3.0887999855622184e-05,100, 0 , False
2024-08-10 03:52:51 - DEBUG - sent 0.686,0.0, 0.0 , 271, 0
2024-08-10 03:52:51 - WARNING - Timestamp comd=0 from 101 to 0 for arm state 0 via 102
2024-08-10 03:52:52 - DEBUG - sent 3.0887999855622184e-05,100, 0 , False
2024-08-10 03:52:52 - DEBUG - sent 0.938,0.0, 0.0 , 271, 0
2024-08-10 03:52:52 - WARNING - Timestamp comd=0 from 101 to 0 for arm state 0 via 102
2024-08-10 03:52:52 - DEBUG - sent 3.0887999855622184e-05,100, 0 , False
2024-08-10 03:52:53 - DEBUG - sent 0.955,0.0, 0.0 , 271, 0
2024-08-10 03:52:53 - WARNING - Timestamp comd=0 from 101 to 0 for arm state 0 via 102
2024-08-10 03:52:53 - DEBUG - sent 3.0887999855622184e-05,100, 0 , False
2024-08-10 03:52:54 - DEBUG - sent 0.531,0.0, 0.0 , 271, 0
2024-08-10 03:52:54 - WARNING - Timestamp comd=0 from 101 to 0 for arm state 0 via 102
2024-08-10 03:52:54 - DEBUG - sent 3.0887999855622184e-05,100, 0 , False
2024-08-10 03:52:55 - DEBUG - sent 0.692,0.0, 0.0 , 271, 0
2024-08-10 03:52:55 - WARNING - Timestamp comd=0 from 101 to 0 for arm state 0 via 102
2024-08-10 03:52:55 - DEBUG - sent 3.0887999855622184e-05,100, 0 , False
2024-08-10 03:52:56 - DEBUG - sent 0.757,0.0, 0.0 , 271, 0
2024-08-10 03:52:56 - WARNING - Timestamp comd=0 from 101 to 0 for arm state 0 via 102
2024-08-10 03:52:56 - DEBUG - sent 3.0887999855622184e-05,100, 0 , False
2024-08-10 03:52:57 - DEBUG - sent 0.875,0.0, 0.0 , 271, 0
2024-08-10 03:52:57 - WARNING - Timestamp comd=0 from 101 to 0 for arm state 0 via 102
2024-08-10 03:52:57 - DEBUG - sent 3.0887999855622184e-05,100, 0 , False
2024-08-10 03:52:58 - DEBUG - sent 0.864,0.0, 0.0 , 271, 0
2024-08-10 03:52:58 - WARNING - Timestamp comd=0 from 101 to 0 for arm state 0 via 102
2024-08-10 03:52:58 - DEBUG - sent 3.0887999855622184e-05,100, 0 , False
2024-08-10 03:52:59 - DEBUG - sent 0.74,0.0, 0.0 , 271, 0
2024-08-10 03:52:59 - WARNING - Timestamp comd=0 from 101 to 0 for arm state 0 via 102
2024-08-10 03:52:59 - DEBUG - sent 3.0887999855622184e-05,100, 0 , False
2024-08-10 03:53:00 - DEBUG - sent 0.477,0.0, 0.0 , 271, 0
2024-08-10 03:53:00 - WARNING - Timestamp comd=0 from 101 to 0 for arm state 0 via 102
2024-08-10 03:53:00 - DEBUG - sent 3.0887999855622184e-05,100, 0 , False
2024-08-10 03:53:01 - DEBUG - sent 0.632,0.0, 0.0 , 271, 0
2024-08-10 03:53:01 - WARNING - Timestamp comd=0 from 101 to 0 for arm state 0 via 102
2024-08-10 03:53:01 - DEBUG - sent 3.0887999855622184e-05,100, 0 , False
2024-08-10 03:53:01 - DEBUG - sent 0.474,0.0, 0.0 , 271, 0
2024-08-10 03:53:02 - WARNING - Timestamp comd=0 from 101 to 0 for arm state 0 via 102
2024-08-10 03:53:02 - DEBUG - sent 3.0887999855622184e-05,100, 0 , False
2024-08-10 03:53:02 - DEBUG - sent 0.861,0.0, 0.0 , 271, 0
2024-08-10 03:53:03 - WARNING - Timestamp comd=0 from 101 to 0 for arm state 0 via 102
2024-08-10 03:53:03 - DEBUG - sent 3.0887999855622184e-05,100, 0 , False
2024-08-10 03:53:03 - DEBUG - sent 0.601,0.0, 0.0 , 271, 0
2024-08-10 03:53:04 - WARNING - Timestamp comd=0 from 101 to 0 for arm state 0 via 102
2024-08-10 03:53:04 - DEBUG - sent 3.0887999855622184e-05,100, 0 , False
2024-08-10 03:53:04 - DEBUG - sent 0.641,0.0, 0.0 , 271, 0
2024-08-10 03:53:05 - WARNING - Timestamp comd=0 from 101 to 0 for arm state 0 via 102
2024-08-10 03:53:05 - DEBUG - sent 3.0887999855622184e-05,100, 0 , False
2024-08-10 03:53:05 - DEBUG - sent 0.658,0.0, 0.0 , 271, 0
2024-08-10 03:53:05 - WARNING - Timestamp comd=0 from 101 to 0 for arm state 0 via 102
2024-08-10 03:53:06 - DEBUG - sent 3.0887999855622184e-05,100, 0 , False
2024-08-10 03:53:06 - DEBUG - sent 0.785,0.0, 0.0 , 271, 0
2024-08-10 03:53:07 - WARNING - Timestamp comd=0 from 101 to 0 for arm state 0 via 102
2024-08-10 03:53:07 - DEBUG - sent 3.0887999855622184e-05,100, 0 , False
2024-08-10 03:53:07 - DEBUG - sent 0.666,0.0, 0.0 , 271, 0
2024-08-10 03:53:07 - WARNING - Timestamp comd=0 from 101 to 0 for arm state 0 via 102
2024-08-10 03:53:08 - DEBUG - sent 3.0887999855622184e-05,100, 0 , False
2024-08-10 03:53:08 - DEBUG - sent 0.635,0.0, 0.0 , 271, 0
2024-08-10 03:53:09 - WARNING - Timestamp comd=0 from 101 to 0 for arm state 0 via 102
2024-08-10 03:53:09 - DEBUG - sent 3.0887999855622184e-05,100, 0 , False
2024-08-10 03:53:09 - DEBUG - sent 0.596,0.0, 0.0 , 271, 0
2024-08-10 03:53:09 - WARNING - Timestamp comd=0 from 101 to 0 for arm state 0 via 102
2024-08-10 03:53:10 - DEBUG - sent 3.0887999855622184e-05,100, 0 , False
2024-08-10 03:53:10 - DEBUG - sent 0.61,0.0, 0.0 , 271, 0
2024-08-10 03:53:10 - WARNING - Timestamp comd=0 from 101 to 0 for arm state 0 via 102
2024-08-10 03:53:10 - DEBUG - sent 3.0887999855622184e-05,100, 0 , False
2024-08-10 03:53:10 - DEBUG - sent 0.909,0.0, 0.0 , 271, 0
2024-08-10 03:53:11 - WARNING - Timestamp comd=0 from 101 to 0 for arm state 0 via 102
2024-08-10 03:53:11 - DEBUG - sent 3.0887999855622184e-05,100, 0 , False
2024-08-10 03:53:11 - DEBUG - sent 0.72,0.0, 0.0 , 271, 0
2024-08-10 03:53:11 - WARNING - Timestamp comd=0 from 101 to 0 for arm state 0 via 102
2024-08-10 03:53:12 - DEBUG - sent 3.0887999855622184e-05,100, 0 , False
2024-08-10 03:53:12 - DEBUG - sent 0.528,0.0, 0.0 , 271, 0
2024-08-10 03:53:12 - WARNING - Timestamp comd=0 from 101 to 0 for arm state 0 via 102
2024-08-10 03:53:12 - DEBUG - sent 3.0887999855622184e-05,100, 0 , False
2024-08-10 03:53:13 - DEBUG - sent 0.68,0.0, 0.0 , 271, 0
2024-08-10 03:53:13 - WARNING - Timestamp comd=0 from 101 to 0 for arm state 0 via 102
2024-08-10 03:53:13 - DEBUG - sent 3.0887999855622184e-05,100, 0 , False
2024-08-10 03:53:13 - DEBUG - sent 0.384,0.0, 0.0 , 271, 0
2024-08-10 03:53:13 - WARNING - Timestamp comd=0 from 101 to 0 for arm state 0 via 102
2024-08-10 03:53:14 - DEBUG - sent 3.0887999855622184e-05,100, 0 , False
2024-08-10 03:53:14 - DEBUG - sent 0.675,0.0, 0.0 , 271, 0
2024-08-10 03:53:14 - WARNING - Timestamp comd=0 from 101 to 0 for arm state 0 via 102
2024-08-10 03:53:14 - DEBUG - sent 3.0887999855622184e-05,100, 0 , False
2024-08-10 03:53:15 - DEBUG - sent 0.765,0.0, 0.0 , 271, 0
2024-08-10 03:53:15 - WARNING - Timestamp comd=0 from 101 to 0 for arm state 0 via 102
2024-08-10 03:53:15 - DEBUG - sent 3.0887999855622184e-05,100, 0 , False
2024-08-10 03:53:15 - DEBUG - sent 0.372,0.0, 0.0 , 271, 0
2024-08-10 03:53:16 - WARNING - Timestamp comd=0 from 101 to 0 for arm state 0 via 102
2024-08-10 03:53:16 - DEBUG - sent 3.0887999855622184e-05,100, 0 , False
2024-08-10 03:53:16 - DEBUG - sent 0.68,0.0, 0.0 , 271, 0
2024-08-10 03:53:17 - WARNING - Timestamp comd=0 from 101 to 0 for arm state 0 via 102
2024-08-10 03:53:17 - DEBUG - sent 3.0887999855622184e-05,100, 0 , False
2024-08-10 03:53:17 - DEBUG - sent 0.87,0.0, 0.0 , 271, 0
2024-08-10 03:53:18 - WARNING - Timestamp comd=0 from 101 to 0 for arm state 0 via 102
2024-08-10 03:53:18 - DEBUG - sent 3.0887999855622184e-05,100, 0 , False
2024-08-10 03:53:18 - DEBUG - sent 0.768,0.0, 0.0 , 271, 0
2024-08-10 03:53:19 - WARNING - Timestamp comd=0 from 101 to 0 for arm state 0 via 102
2024-08-10 03:53:19 - DEBUG - sent 3.0887999855622184e-05,100, 0 , False
2024-08-10 03:53:19 - DEBUG - sent 0.649,0.0, 0.0 , 271, 0
2024-08-10 03:53:19 - WARNING - Timestamp comd=0 from 101 to 0 for arm state 0 via 102
2024-08-10 03:53:20 - DEBUG - sent 3.0887999855622184e-05,100, 0 , False
2024-08-10 03:53:20 - DEBUG - sent 0.502,0.0, 0.0 , 271, 0
2024-08-10 03:53:20 - WARNING - Timestamp comd=0 from 101 to 0 for arm state 0 via 102
2024-08-10 03:53:21 - DEBUG - sent 0.07411567000053765,100, 0 , False
2024-08-10 03:53:21 - DEBUG - sent 0.601,0.0, 0.0 , 271, 0
2024-08-10 03:53:21 - WARNING - Timestamp comd=0 from 101 to 0 for arm state 0 via 102
2024-08-10 03:53:22 - DEBUG - sent 0.07411567000053765,100, 0 , False
2024-08-10 03:53:22 - DEBUG - sent 1.065,0.0, 0.0 , 271, 0
2024-08-10 03:53:22 - WARNING - Timestamp comd=0 from 101 to 0 for arm state 0 via 102
2024-08-10 03:53:23 - DEBUG - sent 0.07411567000053765,100, 0 , False
2024-08-10 03:53:23 - DEBUG - sent 0.635,0.0, 0.0 , 271, 0
2024-08-10 03:53:23 - WARNING - Timestamp comd=0 from 101 to 0 for arm state 0 via 102
2024-08-10 03:53:24 - DEBUG - sent 0.07411567000053765,100, 0 , False
2024-08-10 03:53:24 - DEBUG - sent 0.474,0.0, 0.0 , 271, 0
2024-08-10 03:53:24 - WARNING - Timestamp comd=0 from 101 to 0 for arm state 0 via 102
2024-08-10 03:53:24 - DEBUG - sent 0.07411567000053765,100, 0 , False
2024-08-10 03:53:25 - DEBUG - sent 0.757,0.0, 0.0 , 271, 0
2024-08-10 03:53:25 - WARNING - Timestamp comd=0 from 101 to 0 for arm state 0 via 102
2024-08-10 03:53:25 - DEBUG - sent 0.07411567000053765,100, 0 , False
2024-08-10 03:53:26 - DEBUG - sent 0.599,0.0, 0.0 , 271, 0
2024-08-10 03:53:26 - WARNING - Timestamp comd=0 from 101 to 0 for arm state 0 via 102
2024-08-10 03:53:26 - DEBUG - sent 0.07411567000053765,100, 0 , False
2024-08-10 03:53:26 - DEBUG - sent 0.669,0.0, 0.0 , 271, 0
2024-08-10 03:53:27 - WARNING - Timestamp comd=0 from 101 to 0 for arm state 0 via 102
2024-08-10 03:53:27 - DEBUG - sent 0.07411567000053765,100, 0 , False
2024-08-10 03:53:27 - DEBUG - sent 0.915,0.0, 0.0 , 271, 0
2024-08-10 03:53:28 - WARNING - Timestamp comd=0 from 101 to 0 for arm state 0 via 102
2024-08-10 03:53:28 - DEBUG - sent 0.07411567000053765,100, 0 , False
2024-08-10 03:53:28 - DEBUG - sent 0.867,0.0, 0.0 , 271, 0
2024-08-10 03:53:28 - WARNING - Timestamp comd=0 from 101 to 0 for arm state 0 via 102
2024-08-10 03:53:29 - DEBUG - sent 0.07411567000053765,100, 0 , False
2024-08-10 03:53:29 - DEBUG - sent 0.762,0.0, 0.0 , 271, 0
2024-08-10 03:53:29 - WARNING - Timestamp comd=0 from 101 to 0 for arm state 0 via 102
2024-08-10 03:53:30 - DEBUG - sent 0.07411567000053765,100, 0 , False
2024-08-10 03:53:30 - DEBUG - sent 0.878,0.0, 0.0 , 271, 0
2024-08-10 03:53:30 - WARNING - Timestamp comd=0 from 101 to 0 for arm state 0 via 102
2024-08-10 03:53:31 - DEBUG - sent 0.07411567000053765,100, 0 , False
2024-08-10 03:53:31 - DEBUG - sent 0.779,0.0, 0.0 , 271, 0
2024-08-10 03:53:31 - WARNING - Timestamp comd=0 from 101 to 0 for arm state 0 via 102
2024-08-10 03:53:32 - DEBUG - sent 0.07411567000053765,100, 0 , False
2024-08-10 03:53:32 - DEBUG - sent 0.573,0.0, 0.0 , 271, 0
2024-08-10 03:53:32 - WARNING - Timestamp comd=0 from 101 to 0 for arm state 0 via 102
2024-08-10 03:53:33 - DEBUG - sent 0.07411567000053765,100, 0 , False
2024-08-10 03:53:33 - DEBUG - sent 0.613,0.0, 0.0 , 271, 0
2024-08-10 03:53:33 - WARNING - Timestamp comd=0 from 101 to 0 for arm state 0 via 102
2024-08-10 03:53:34 - DEBUG - sent 0.07411567000053765,100, 0 , False
2024-08-10 03:53:34 - DEBUG - sent 0.655,0.0, 0.0 , 271, 0
2024-08-10 03:53:34 - WARNING - Timestamp comd=0 from 101 to 0 for arm state 0 via 102
2024-08-10 03:53:34 - DEBUG - sent 0.07411567000053765,100, 0 , False
2024-08-10 03:53:35 - DEBUG - sent 1.053,0.0, 0.0 , 271, 0
2024-08-10 03:53:35 - WARNING - Timestamp comd=0 from 101 to 0 for arm state 0 via 102
2024-08-10 03:53:35 - DEBUG - sent 0.07411567000053765,100, 0 , False
2024-08-10 03:53:36 - DEBUG - sent 0.565,0.0, 0.0 , 271, 0
2024-08-10 03:53:36 - WARNING - Timestamp comd=0 from 101 to 0 for arm state 0 via 102
2024-08-10 03:53:36 - DEBUG - sent 0.07411567000053765,100, 0 , False
2024-08-10 03:53:37 - DEBUG - sent 0.661,0.0, 0.0 , 271, 0
2024-08-10 03:53:37 - WARNING - Timestamp comd=0 from 101 to 0 for arm state 0 via 102
2024-08-10 03:53:37 - DEBUG - sent 0.07411567000053765,100, 0 , False
2024-08-10 03:53:38 - DEBUG - sent 0.664,0.0, 0.0 , 271, 0
2024-08-10 03:53:38 - WARNING - Timestamp comd=0 from 101 to 0 for arm state 0 via 102
2024-08-10 03:53:38 - DEBUG - sent 0.07411567000053765,100, 0 , False
2024-08-10 03:53:39 - DEBUG - sent 0.666,0.0, 0.0 , 271, 0
2024-08-10 03:53:39 - WARNING - Timestamp comd=0 from 101 to 0 for arm state 0 via 102
2024-08-10 03:53:39 - DEBUG - sent 0.07411567000053765,100, 0 , False
2024-08-10 03:53:39 - DEBUG - sent 0.652,0.0, 0.0 , 271, 0
2024-08-10 03:53:40 - WARNING - Timestamp comd=0 from 101 to 0 for arm state 0 via 102
2024-08-10 03:53:40 - DEBUG - sent 0.07411567000053765,100, 0 , False
2024-08-10 03:53:40 - DEBUG - sent 0.528,0.0, 0.0 , 271, 0
2024-08-10 03:53:40 - WARNING - Timestamp comd=0 from 101 to 0 for arm state 0 via 102
2024-08-10 03:53:41 - DEBUG - sent 0.07411567000053765,100, 0 , False
2024-08-10 03:53:41 - DEBUG - sent 0.743,0.0, 0.0 , 271, 0
2024-08-10 03:53:41 - WARNING - Timestamp comd=0 from 101 to 0 for arm state 0 via 102
2024-08-10 03:53:42 - DEBUG - sent 0.07411567000053765,100, 0 , False
2024-08-10 03:53:42 - DEBUG - sent 0.582,0.0, 0.0 , 271, 0
2024-08-10 03:53:42 - WARNING - Timestamp comd=0 from 101 to 0 for arm state 0 via 102
2024-08-10 03:53:42 - DEBUG - sent 0.07411567000053765,100, 0 , False
2024-08-10 03:53:42 - DEBUG - sent 0.706,0.0, 0.0 , 271, 0
2024-08-10 03:53:43 - WARNING - Timestamp comd=0 from 101 to 0 for arm state 0 via 102
2024-08-10 03:53:43 - DEBUG - sent 0.07411567000053765,100, 0 , False
2024-08-10 03:53:43 - DEBUG - sent 0.562,0.0, 0.0 , 271, 0
2024-08-10 03:53:43 - WARNING - Timestamp comd=0 from 101 to 0 for arm state 0 via 102
2024-08-10 03:53:44 - DEBUG - sent 0.07411567000053765,100, 0 , False
2024-08-10 03:53:44 - DEBUG - sent 0.454,0.0, 0.0 , 271, 0
2024-08-10 03:53:44 - WARNING - Timestamp comd=0 from 101 to 0 for arm state 0 via 102
2024-08-10 03:53:44 - DEBUG - sent 0.07411567000053765,100, 0 , False
2024-08-10 03:53:45 - DEBUG - sent 0.412,0.0, 0.0 , 271, 0
2024-08-10 03:53:45 - WARNING - Timestamp comd=0 from 101 to 0 for arm state 0 via 102
2024-08-10 03:53:45 - DEBUG - sent 0.07411567000053765,100, 0 , False
2024-08-10 03:53:45 - DEBUG - sent 0.81,0.0, 0.0 , 271, 0
2024-08-10 03:53:46 - WARNING - Timestamp comd=0 from 101 to 0 for arm state 0 via 102
2024-08-10 03:53:46 - DEBUG - sent 0.07411567000053765,100, 0 , False
2024-08-10 03:53:46 - DEBUG - sent 0.94,0.0, 0.0 , 271, 0
2024-08-10 03:53:47 - WARNING - Timestamp comd=0 from 101 to 0 for arm state 0 via 102
2024-08-10 03:53:47 - DEBUG - sent 0.07411567000053765,100, 0 , False
2024-08-10 03:53:47 - DEBUG - sent 0.695,0.0, 0.0 , 271, 0
2024-08-10 03:53:47 - WARNING - Timestamp comd=0 from 101 to 0 for arm state 0 via 102
2024-08-10 03:53:48 - DEBUG - sent 0.07411567000053765,100, 0 , False
2024-08-10 03:53:48 - DEBUG - sent 0.649,0.0, 0.0 , 271, 0
2024-08-10 03:53:48 - WARNING - Timestamp comd=0 from 101 to 0 for arm state 0 via 102
2024-08-10 03:53:49 - DEBUG - sent 0.07411567000053765,100, 0 , False
2024-08-10 03:53:49 - DEBUG - sent 0.658,0.0, 0.0 , 271, 0
2024-08-10 03:53:49 - WARNING - Timestamp comd=0 from 101 to 0 for arm state 0 via 102
2024-08-10 03:53:49 - DEBUG - sent 0.07411567000053765,100, 0 , False
2024-08-10 03:53:49 - DEBUG - sent 0.952,0.0, 0.0 , 271, 0
2024-08-10 03:53:50 - WARNING - Timestamp comd=0 from 101 to 0 for arm state 0 via 102
2024-08-10 03:53:50 - DEBUG - sent 0.07411567000053765,100, 0 , False
2024-08-10 03:53:50 - DEBUG - sent 0.536,0.0, 0.0 , 271, 0
2024-08-10 03:53:50 - WARNING - Timestamp comd=0 from 101 to 0 for arm state 0 via 102
2024-08-10 03:53:51 - DEBUG - sent 0.07411567000053765,100, 0 , False
2024-08-10 03:53:51 - DEBUG - sent 0.706,0.0, 0.0 , 271, 0
2024-08-10 03:53:51 - WARNING - Timestamp comd=0 from 101 to 0 for arm state 0 via 102
2024-08-10 03:53:51 - DEBUG - sent 0.07411567000053765,100, 0 , False
2024-08-10 03:53:52 - DEBUG - sent 0.751,0.0, 0.0 , 271, 0
2024-08-10 03:53:52 - WARNING - Timestamp comd=0 from 101 to 0 for arm state 0 via 102
2024-08-10 03:53:52 - DEBUG - sent 0.07411567000053765,100, 0 , False
2024-08-10 03:53:52 - DEBUG - sent 0.72,0.0, 0.0 , 271, 0
2024-08-10 03:53:53 - WARNING - Timestamp comd=0 from 101 to 0 for arm state 0 via 102
2024-08-10 03:53:53 - DEBUG - sent 0.07411567000053765,100, 0 , False
2024-08-10 03:53:53 - DEBUG - sent 0.551,0.0, 0.0 , 271, 0
2024-08-10 03:53:53 - WARNING - Timestamp comd=0 from 101 to 0 for arm state 0 via 102
2024-08-10 03:53:54 - DEBUG - sent 0.07411567000053765,100, 0 , False
2024-08-10 03:53:54 - DEBUG - sent 0.559,0.0, 0.0 , 271, 0
2024-08-10 03:53:54 - WARNING - Timestamp comd=0 from 101 to 0 for arm state 0 via 102
2024-08-10 03:53:54 - DEBUG - sent 0.07411567000053765,100, 0 , False
2024-08-10 03:53:55 - DEBUG - sent 0.491,0.0, 0.0 , 271, 0
2024-08-10 03:53:55 - WARNING - Timestamp comd=0 from 101 to 0 for arm state 0 via 102
2024-08-10 03:53:55 - DEBUG - sent 0.07411567000053765,100, 0 , False
2024-08-10 03:53:56 - DEBUG - sent 0.683,0.0, 0.0 , 271, 0
2024-08-10 03:53:56 - WARNING - Timestamp comd=0 from 101 to 0 for arm state 0 via 102
2024-08-10 03:53:56 - DEBUG - sent 0.07411567000053765,100, 0 , False
2024-08-10 03:53:56 - DEBUG - sent 0.918,0.0, 0.0 , 271, 0
2024-08-10 03:53:57 - WARNING - Timestamp comd=0 from 101 to 0 for arm state 0 via 102
2024-08-10 03:53:57 - DEBUG - sent 0.07411567000053765,100, 0 , False
2024-08-10 03:53:57 - DEBUG - sent 0.907,0.0, 0.0 , 271, 0
2024-08-10 03:53:57 - WARNING - Timestamp comd=0 from 101 to 0 for arm state 0 via 102
2024-08-10 03:53:57 - DEBUG - sent 0.07411567000053765,100, 0 , False
2024-08-10 03:53:58 - DEBUG - sent 0.782,0.0, 0.0 , 271, 0
2024-08-10 03:53:58 - WARNING - Timestamp comd=0 from 101 to 0 for arm state 0 via 102
2024-08-10 03:53:58 - DEBUG - sent 0.07411567000053765,100, 0 , False
2024-08-10 03:53:58 - DEBUG - sent 0.647,0.0, 0.0 , 271, 0
2024-08-10 03:53:58 - WARNING - Timestamp comd=0 from 101 to 0 for arm state 0 via 102
2024-08-10 03:53:59 - DEBUG - sent 0.07411567000053765,100, 0 , False
2024-08-10 03:53:59 - DEBUG - sent 1.02,0.0, 0.0 , 271, 0
2024-08-10 03:53:59 - WARNING - Timestamp comd=0 from 101 to 0 for arm state 0 via 102
2024-08-10 03:53:59 - DEBUG - sent 0.07411567000053765,100, 0 , False
2024-08-10 03:53:59 - DEBUG - sent 0.726,0.0, 0.0 , 271, 0
2024-08-10 03:54:00 - WARNING - Timestamp comd=0 from 101 to 0 for arm state 0 via 102
2024-08-10 03:54:00 - DEBUG - sent 0.07411567000053765,100, 0 , False
2024-08-10 03:54:00 - DEBUG - sent 0.912,0.0, 0.0 , 271, 0
2024-08-10 03:54:00 - WARNING - Timestamp comd=0 from 101 to 0 for arm state 0 via 102
2024-08-10 03:54:00 - DEBUG - sent 0.07411567000053765,100, 0 , False
2024-08-10 03:54:01 - DEBUG - sent 0.836,0.0, 0.0 , 271, 0
2024-08-10 03:54:01 - WARNING - Timestamp comd=0 from 101 to 0 for arm state 0 via 102
2024-08-10 03:54:01 - DEBUG - sent 0.07411567000053765,100, 0 , False
2024-08-10 03:54:01 - DEBUG - sent 1.118,0.0, 0.0 , 271, 0
2024-08-10 03:54:01 - WARNING - Timestamp comd=0 from 101 to 0 for arm state 0 via 102
2024-08-10 03:54:01 - DEBUG - sent 0.07411567000053765,100, 0 , False
2024-08-10 03:54:02 - DEBUG - sent 0.689,0.0, 0.0 , 271, 0
2024-08-10 03:54:02 - WARNING - Timestamp comd=0 from 101 to 0 for arm state 0 via 102
2024-08-10 03:54:02 - DEBUG - sent 0.07411567000053765,100, 0 , False
2024-08-10 03:54:02 - DEBUG - sent 0.994,0.0, 0.0 , 271, 0
2024-08-10 03:54:02 - WARNING - Timestamp comd=0 from 101 to 0 for arm state 0 via 102
2024-08-10 03:54:03 - DEBUG - sent 0.07411567000053765,100, 0 , False
2024-08-10 03:54:03 - DEBUG - sent 1.319,0.0, 0.0 , 271, 0
2024-08-10 03:54:03 - WARNING - Timestamp comd=0 from 101 to 0 for arm state 0 via 102
2024-08-10 03:54:03 - DEBUG - sent 0.07411567000053765,100, 0 , False
2024-08-10 03:54:03 - DEBUG - sent 0.929,0.0, 0.0 , 271, 0
2024-08-10 03:54:04 - WARNING - Timestamp comd=0 from 101 to 0 for arm state 0 via 102
2024-08-10 03:54:04 - DEBUG - sent 0.07411567000053765,100, 0 , False
2024-08-10 03:54:04 - DEBUG - sent 0.697,0.0, 0.0 , 271, 0
2024-08-10 03:54:04 - WARNING - Timestamp comd=0 from 101 to 0 for arm state 0 via 102
2024-08-10 03:54:04 - DEBUG - sent 0.07411567000053765,100, 0 , False
2024-08-10 03:54:05 - DEBUG - sent 0.819,0.0, 0.0 , 271, 0
2024-08-10 03:54:05 - WARNING - Timestamp comd=0 from 101 to 0 for arm state 0 via 102
2024-08-10 03:54:05 - DEBUG - sent 0.07411567000053765,100, 0 , False
2024-08-10 03:54:05 - DEBUG - sent 0.952,0.0, 0.0 , 271, 0
2024-08-10 03:54:05 - WARNING - Timestamp comd=0 from 101 to 0 for arm state 0 via 102
2024-08-10 03:54:06 - DEBUG - sent 0.07411567000053765,100, 0 , False
2024-08-10 03:54:06 - DEBUG - sent 1.068,0.0, 0.0 , 271, 0
2024-08-10 03:54:06 - WARNING - Timestamp comd=0 from 101 to 0 for arm state 0 via 102
2024-08-10 03:54:06 - DEBUG - sent 0.07411567000053765,100, 0 , False
2024-08-10 03:54:06 - DEBUG - sent 0.7,0.0, 0.0 , 271, 0
2024-08-10 03:54:07 - WARNING - Timestamp comd=0 from 101 to 0 for arm state 0 via 102
2024-08-10 03:54:07 - DEBUG - sent 0.07411567000053765,100, 0 , False
2024-08-10 03:54:07 - DEBUG - sent 1.082,0.0, 0.0 , 271, 0
2024-08-10 03:54:08 - WARNING - Timestamp comd=0 from 101 to 0 for arm state 0 via 102
2024-08-10 03:54:08 - DEBUG - sent 0.07411567000053765,100, 0 , False
2024-08-10 03:54:08 - DEBUG - sent 0.774,0.0, 0.0 , 271, 0
2024-08-10 03:54:09 - WARNING - Timestamp comd=0 from 101 to 0 for arm state 0 via 102
2024-08-10 03:54:09 - DEBUG - sent 0.07411567000053765,100, 0 , False
2024-08-10 03:54:09 - DEBUG - sent 0.957,0.0, 0.0 , 271, 0
2024-08-10 03:54:09 - WARNING - Timestamp comd=0 from 101 to 0 for arm state 0 via 102
2024-08-10 03:54:10 - DEBUG - sent 0.07411567000053765,100, 0 , False
2024-08-10 03:54:10 - DEBUG - sent 0.926,0.0, 0.0 , 271, 0
2024-08-10 03:54:10 - WARNING - Timestamp comd=0 from 101 to 0 for arm state 0 via 102
2024-08-10 03:54:10 - DEBUG - sent 0.07411567000053765,100, 0 , False
2024-08-10 03:54:11 - DEBUG - sent 1.039,0.0, 0.0 , 271, 0
2024-08-10 03:54:11 - WARNING - Timestamp comd=0 from 101 to 0 for arm state 0 via 102
2024-08-10 03:54:11 - DEBUG - sent 0.07411567000053765,100, 0 , False
2024-08-10 03:54:12 - DEBUG - sent 1.124,0.0, 0.0 , 271, 0
2024-08-10 03:54:12 - WARNING - Timestamp comd=0 from 101 to 0 for arm state 0 via 102
2024-08-10 03:54:12 - DEBUG - sent 0.07411567000053765,100, 0 , False
2024-08-10 03:54:12 - DEBUG - sent 0.74,0.0, 0.0 , 271, 0
2024-08-10 03:54:13 - WARNING - Timestamp comd=0 from 101 to 0 for arm state 0 via 102
2024-08-10 03:54:13 - DEBUG - sent 0.07411567000053765,100, 0 , False
2024-08-10 03:54:13 - DEBUG - sent 0.926,0.0, 0.0 , 271, 0
2024-08-10 03:54:14 - WARNING - Timestamp comd=0 from 101 to 0 for arm state 0 via 102
2024-08-10 03:54:14 - DEBUG - sent 0.07411567000053765,100, 0 , False
2024-08-10 03:54:14 - DEBUG - sent 1.059,0.0, 0.0 , 271, 0
2024-08-10 03:54:14 - WARNING - Timestamp comd=0 from 101 to 0 for arm state 0 via 102
2024-08-10 03:54:15 - DEBUG - sent 0.07411567000053765,100, 0 , False
2024-08-10 03:54:15 - DEBUG - sent 0.7,0.0, 0.0 , 271, 0
2024-08-10 03:54:15 - WARNING - Timestamp comd=0 from 101 to 0 for arm state 0 via 102
2024-08-10 03:54:16 - DEBUG - sent 0.07411567000053765,100, 0 , False
2024-08-10 03:54:16 - DEBUG - sent 0.915,0.0, 0.0 , 271, 0
2024-08-10 03:54:16 - WARNING - Timestamp comd=0 from 101 to 0 for arm state 0 via 102
2024-08-10 03:54:17 - DEBUG - sent 0.07411567000053765,100, 0 , False
2024-08-10 03:54:17 - DEBUG - sent 0.898,0.0, 0.0 , 271, 0
2024-08-10 03:54:17 - WARNING - Timestamp comd=0 from 101 to 0 for arm state 0 via 102
2024-08-10 03:54:18 - DEBUG - sent 0.07411567000053765,100, 0 , False
2024-08-10 03:54:18 - DEBUG - sent 0.875,0.0, 0.0 , 271, 0
2024-08-10 03:54:18 - WARNING - Timestamp comd=0 from 101 to 0 for arm state 0 via 102
2024-08-10 03:54:19 - DEBUG - sent 0.07411567000053765,100, 0 , False
2024-08-10 03:54:19 - DEBUG - sent 0.904,0.0, 0.0 , 271, 0
2024-08-10 03:54:19 - WARNING - Timestamp comd=0 from 101 to 0 for arm state 0 via 102
2024-08-10 03:54:19 - DEBUG - sent 0.07411567000053765,100, 0 , False
2024-08-10 03:54:20 - DEBUG - sent 0.519,0.0, 0.0 , 271, 0
2024-08-10 03:54:20 - WARNING - Timestamp comd=0 from 101 to 0 for arm state 0 via 102
2024-08-10 03:54:20 - DEBUG - sent 0.07411567000053765,100, 0 , False
2024-08-10 03:54:21 - DEBUG - sent 0.548,0.0, 0.0 , 271, 0
2024-08-10 03:54:21 - WARNING - Timestamp comd=0 from 101 to 0 for arm state 0 via 102
2024-08-10 03:54:22 - DEBUG - sent 0.07411567000053765,100, 0 , False
2024-08-10 03:54:22 - DEBUG - sent 0.712,0.0, 0.0 , 271, 0
2024-08-10 03:54:22 - WARNING - Timestamp comd=0 from 101 to 0 for arm state 0 via 102
2024-08-10 03:54:22 - DEBUG - sent 0.07411567000053765,100, 0 , False
2024-08-10 03:54:23 - DEBUG - sent 0.813,0.0, 0.0 , 271, 0
2024-08-10 03:54:23 - WARNING - Timestamp comd=0 from 101 to 0 for arm state 0 via 102
2024-08-10 03:54:24 - DEBUG - sent 0.07411567000053765,100, 0 , False
2024-08-10 03:54:24 - DEBUG - sent 0.579,0.0, 0.0 , 271, 0
2024-08-10 03:54:24 - WARNING - Timestamp comd=0 from 101 to 0 for arm state 0 via 102
2024-08-10 03:54:25 - DEBUG - sent 0.07411567000053765,100, 0 , False
2024-08-10 03:54:25 - DEBUG - sent 0.618,0.0, 0.0 , 271, 0
2024-08-10 03:54:26 - WARNING - Timestamp comd=0 from 101 to 0 for arm state 0 via 102
2024-08-10 03:54:26 - DEBUG - sent 0.07411567000053765,100, 0 , False
2024-08-10 03:54:26 - DEBUG - sent 0.712,0.0, 0.0 , 271, 0
2024-08-10 03:54:27 - WARNING - Timestamp comd=0 from 101 to 0 for arm state 0 via 102
2024-08-10 03:54:27 - DEBUG - sent 0.07411567000053765,100, 0 , False
2024-08-10 03:54:27 - DEBUG - sent 0.689,0.0, 0.0 , 271, 0
2024-08-10 03:54:28 - WARNING - Timestamp comd=0 from 101 to 0 for arm state 0 via 102
2024-08-10 03:54:28 - DEBUG - sent 0.07411567000053765,100, 0 , False
2024-08-10 03:54:28 - DEBUG - sent 0.415,0.0, 0.0 , 271, 0
2024-08-10 03:54:29 - WARNING - Timestamp comd=0 from 101 to 0 for arm state 0 via 102
2024-08-10 03:54:29 - DEBUG - sent 0.07411567000053765,100, 0 , False
2024-08-10 03:54:29 - DEBUG - sent 0.474,0.0, 0.0 , 271, 0
2024-08-10 03:54:29 - WARNING - Timestamp comd=0 from 101 to 0 for arm state 0 via 102
2024-08-10 03:54:30 - DEBUG - sent 0.07411567000053765,100, 0 , False
2024-08-10 03:54:30 - DEBUG - sent 0.406,0.0, 0.0 , 271, 0
2024-08-10 03:54:30 - WARNING - Timestamp comd=0 from 101 to 0 for arm state 0 via 102
2024-08-10 03:54:30 - DEBUG - sent 0.07411567000053765,100, 0 , False
2024-08-10 03:54:30 - DEBUG - sent 0.683,0.0, 0.0 , 271, 0
2024-08-10 03:54:31 - WARNING - Timestamp comd=0 from 101 to 0 for arm state 0 via 102
2024-08-10 03:54:31 - DEBUG - sent 0.07411567000053765,100, 0 , False
2024-08-10 03:54:31 - DEBUG - sent 0.785,0.0, 0.0 , 271, 0
2024-08-10 03:54:32 - WARNING - Timestamp comd=0 from 101 to 0 for arm state 0 via 102
2024-08-10 03:54:32 - DEBUG - sent 0.07411567000053765,100, 0 , False
2024-08-10 03:54:32 - DEBUG - sent 0.887,0.0, 0.0 , 271, 0
2024-08-10 03:54:32 - WARNING - Timestamp comd=0 from 101 to 0 for arm state 0 via 102
2024-08-10 03:54:33 - DEBUG - sent 0.07411567000053765,100, 0 , False
2024-08-10 03:54:33 - DEBUG - sent 0.737,0.0, 0.0 , 271, 0
2024-08-10 03:54:33 - WARNING - Timestamp comd=0 from 101 to 0 for arm state 0 via 102
2024-08-10 03:54:34 - DEBUG - sent 0.07411567000053765,100, 0 , False
2024-08-10 03:54:34 - DEBUG - sent 0.926,0.0, 0.0 , 271, 0
2024-08-10 03:54:34 - WARNING - Timestamp comd=0 from 101 to 0 for arm state 0 via 102
2024-08-10 03:54:34 - DEBUG - sent 0.07411567000053765,100, 0 , False
2024-08-10 03:54:35 - DEBUG - sent 0.562,0.0, 0.0 , 271, 0
2024-08-10 03:54:35 - WARNING - Timestamp comd=0 from 101 to 0 for arm state 0 via 102
2024-08-10 03:54:35 - DEBUG - sent 0.07411567000053765,100, 0 , False
2024-08-10 03:54:35 - DEBUG - sent 0.712,0.0, 0.0 , 271, 0
2024-08-10 03:54:36 - WARNING - Timestamp comd=0 from 101 to 0 for arm state 0 via 102
2024-08-10 03:54:36 - DEBUG - sent 0.07411567000053765,100, 0 , False
2024-08-10 03:54:36 - DEBUG - sent 0.644,0.0, 0.0 , 271, 0
2024-08-10 03:54:37 - WARNING - Timestamp comd=0 from 101 to 0 for arm state 0 via 102
2024-08-10 03:54:37 - DEBUG - sent 0.07411567000053765,100, 0 , False
2024-08-10 03:54:37 - DEBUG - sent 0.678,0.0, 0.0 , 271, 0
2024-08-10 03:54:37 - WARNING - Timestamp comd=0 from 101 to 0 for arm state 0 via 102
2024-08-10 03:54:38 - DEBUG - sent 0.07411567000053765,100, 0 , False
2024-08-10 03:54:38 - DEBUG - sent 0.635,0.0, 0.0 , 271, 0
2024-08-10 03:54:38 - WARNING - Timestamp comd=0 from 101 to 0 for arm state 0 via 102
2024-08-10 03:54:39 - DEBUG - sent 0.07411567000053765,100, 0 , False
2024-08-10 03:54:39 - DEBUG - sent 0.336,0.0, 0.0 , 271, 0
2024-08-10 03:54:39 - WARNING - Timestamp comd=0 from 101 to 0 for arm state 0 via 102
2024-08-10 03:54:39 - DEBUG - sent 0.07411567000053765,100, 0 , False
2024-08-10 03:54:40 - DEBUG - sent 0.457,0.0, 0.0 , 271, 0
2024-08-10 03:54:40 - WARNING - Timestamp comd=0 from 101 to 0 for arm state 0 via 102
2024-08-10 03:54:40 - DEBUG - sent 0.07411567000053765,100, 0 , False
2024-08-10 03:54:40 - DEBUG - sent 0.48,0.0, 0.0 , 271, 0
2024-08-10 03:54:41 - WARNING - Timestamp comd=0 from 101 to 0 for arm state 0 via 102
2024-08-10 03:54:41 - DEBUG - sent 0.07411567000053765,100, 0 , False
2024-08-10 03:54:41 - DEBUG - sent 0.443,0.0, 0.0 , 271, 0
2024-08-10 03:54:42 - WARNING - Timestamp comd=0 from 101 to 0 for arm state 0 via 102
2024-08-10 03:54:42 - DEBUG - sent 0.07411567000053765,100, 0 , False
2024-08-10 03:54:42 - DEBUG - sent 0.635,0.0, 0.0 , 271, 0
2024-08-10 03:54:42 - WARNING - Timestamp comd=0 from 101 to 0 for arm state 0 via 102
2024-08-10 03:54:43 - DEBUG - sent 0.07411567000053765,100, 0 , False
2024-08-10 03:54:43 - DEBUG - sent 0.604,0.0, 0.0 , 271, 0
2024-08-10 03:54:43 - WARNING - Timestamp comd=0 from 101 to 0 for arm state 0 via 102
2024-08-10 03:54:44 - DEBUG - sent 0.07411567000053765,100, 0 , False
2024-08-10 03:54:44 - DEBUG - sent 0.794,0.0, 0.0 , 271, 0
2024-08-10 03:54:44 - WARNING - Timestamp comd=0 from 101 to 0 for arm state 0 via 102
2024-08-10 03:54:44 - DEBUG - sent 0.07411567000053765,100, 0 , False
2024-08-10 03:54:45 - DEBUG - sent 0.873,0.0, 0.0 , 271, 0
2024-08-10 03:54:45 - WARNING - Timestamp comd=0 from 101 to 0 for arm state 0 via 102
2024-08-10 03:54:45 - DEBUG - sent 0.07411567000053765,100, 0 , False
2024-08-10 03:54:46 - DEBUG - sent 0.613,0.0, 0.0 , 271, 0
2024-08-10 03:54:46 - WARNING - Timestamp comd=0 from 101 to 0 for arm state 0 via 102
2024-08-10 03:54:46 - DEBUG - sent 0.07411567000053765,100, 0 , False
2024-08-10 03:54:47 - DEBUG - sent 0.683,0.0, 0.0 , 271, 0
2024-08-10 03:54:47 - WARNING - Timestamp comd=0 from 101 to 0 for arm state 0 via 102
2024-08-10 03:54:47 - DEBUG - sent 0.07411567000053765,100, 0 , False
2024-08-10 03:54:47 - DEBUG - sent 0.853,0.0, 0.0 , 271, 0
2024-08-10 03:54:48 - WARNING - Timestamp comd=0 from 101 to 0 for arm state 0 via 102
2024-08-10 03:54:48 - DEBUG - sent 0.07411567000053765,100, 0 , False
2024-08-10 03:54:48 - DEBUG - sent 0.81,0.0, 0.0 , 271, 0
2024-08-10 03:54:49 - WARNING - Timestamp comd=0 from 101 to 0 for arm state 0 via 102
2024-08-10 03:54:49 - DEBUG - sent 0.07411567000053765,100, 0 , False
2024-08-10 03:54:49 - DEBUG - sent 0.697,0.0, 0.0 , 271, 0
2024-08-10 03:54:50 - WARNING - Timestamp comd=0 from 101 to 0 for arm state 0 via 102
2024-08-10 03:54:50 - DEBUG - sent 0.07411567000053765,100, 0 , False
2024-08-10 03:54:50 - DEBUG - sent 0.488,0.0, 0.0 , 271, 0
2024-08-10 03:54:50 - WARNING - Timestamp comd=0 from 101 to 0 for arm state 0 via 102
2024-08-10 03:54:51 - DEBUG - sent 0.07411567000053765,100, 0 , False
2024-08-10 03:54:51 - DEBUG - sent 0.924,0.0, 0.0 , 271, 0
2024-08-10 03:54:51 - WARNING - Timestamp comd=0 from 101 to 0 for arm state 0 via 102
2024-08-10 03:54:52 - DEBUG - sent 0.07411567000053765,100, 0 , False
2024-08-10 03:54:52 - DEBUG - sent 0.729,0.0, 0.0 , 271, 0
2024-08-10 03:54:52 - WARNING - Timestamp comd=0 from 101 to 0 for arm state 0 via 102
2024-08-10 03:54:52 - DEBUG - sent 0.07411567000053765,100, 0 , False
2024-08-10 03:54:53 - DEBUG - sent 0.972,0.0, 0.0 , 271, 0
2024-08-10 03:54:53 - WARNING - Timestamp comd=0 from 101 to 0 for arm state 0 via 102
2024-08-10 03:54:53 - DEBUG - sent 0.07411567000053765,100, 0 , False
2024-08-10 03:54:54 - DEBUG - sent 1.014,0.0, 0.0 , 271, 0
2024-08-10 03:54:54 - WARNING - Timestamp comd=0 from 101 to 0 for arm state 0 via 102
2024-08-10 03:54:54 - DEBUG - sent 0.07411567000053765,100, 0 , False
2024-08-10 03:54:55 - DEBUG - sent 0.983,0.0, 0.0 , 271, 0
2024-08-10 03:54:55 - WARNING - Timestamp comd=0 from 101 to 0 for arm state 0 via 102
2024-08-10 03:54:56 - DEBUG - sent 0.07411567000053765,100, 0 , False
2024-08-10 03:54:56 - DEBUG - sent 1.028,0.0, 0.0 , 271, 0
2024-08-10 03:54:56 - WARNING - Timestamp comd=0 from 101 to 0 for arm state 0 via 102
2024-08-10 03:54:57 - DEBUG - sent 0.07411567000053765,100, 0 , False
2024-08-10 03:54:57 - DEBUG - sent 1.085,0.0, 0.0 , 271, 0
2024-08-10 03:54:58 - WARNING - Timestamp comd=0 from 101 to 0 for arm state 0 via 102
2024-08-10 03:54:58 - DEBUG - sent 0.07411567000053765,100, 0 , False
2024-08-10 03:54:58 - DEBUG - sent 1.155,0.0, 0.0 , 271, 0
2024-08-10 03:54:59 - WARNING - Timestamp comd=0 from 101 to 0 for arm state 0 via 102
2024-08-10 03:54:59 - DEBUG - sent 0.07411567000053765,100, 0 , False
2024-08-10 03:54:59 - DEBUG - sent 0.785,0.0, 0.0 , 271, 0
2024-08-10 03:55:00 - WARNING - Timestamp comd=0 from 101 to 0 for arm state 0 via 102
2024-08-10 03:55:00 - DEBUG - sent 0.07411567000053765,100, 0 , False
2024-08-10 03:55:00 - DEBUG - sent 0.372,0.0, 0.0 , 271, 0
2024-08-10 03:55:01 - WARNING - Timestamp comd=0 from 101 to 0 for arm state 0 via 102
2024-08-10 03:55:01 - DEBUG - sent 0.07411567000053765,100, 0 , False
2024-08-10 03:55:02 - DEBUG - sent 0.59,0.0, 0.0 , 271, 0
2024-08-10 03:55:02 - WARNING - Timestamp comd=0 from 101 to 0 for arm state 0 via 102
2024-08-10 03:55:02 - DEBUG - sent 0.07411567000053765,100, 0 , False
2024-08-10 03:55:03 - DEBUG - sent 0.94,0.0, 0.0 , 271, 0
2024-08-10 03:55:03 - WARNING - Timestamp comd=0 from 101 to 0 for arm state 0 via 102
2024-08-10 03:55:03 - DEBUG - sent 0.07411567000053765,100, 0 , False
2024-08-10 03:55:04 - DEBUG - sent 0.268,0.0, 0.0 , 271, 0
2024-08-10 03:55:04 - WARNING - Timestamp comd=0 from 101 to 0 for arm state 0 via 102
2024-08-10 03:55:04 - DEBUG - sent 0.07411567000053765,100, 0 , False
2024-08-10 03:55:05 - DEBUG - sent 0.737,0.0, 0.0 , 271, 0
2024-08-10 03:55:05 - WARNING - Timestamp comd=0 from 101 to 0 for arm state 0 via 102
2024-08-10 03:55:06 - DEBUG - sent 0.07411567000053765,100, 0 , False
2024-08-10 03:55:06 - DEBUG - sent 0.729,0.0, 0.0 , 271, 0
2024-08-10 03:55:06 - WARNING - Timestamp comd=0 from 101 to 0 for arm state 0 via 102
2024-08-10 03:55:07 - DEBUG - sent 0.07411567000053765,100, 0 , False
2024-08-10 03:55:07 - DEBUG - sent 0.881,0.0, 0.0 , 271, 0
2024-08-10 03:55:07 - WARNING - Timestamp comd=0 from 101 to 0 for arm state 0 via 102
2024-08-10 03:55:08 - DEBUG - sent 0.07411567000053765,100, 0 , False
2024-08-10 03:55:08 - DEBUG - sent 0.635,0.0, 0.0 , 271, 0
2024-08-10 03:55:08 - WARNING - Timestamp comd=0 from 101 to 0 for arm state 0 via 102
2024-08-10 03:55:09 - DEBUG - sent 0.07411567000053765,100, 0 , False
2024-08-10 03:55:09 - DEBUG - sent 1.011,0.0, 0.0 , 271, 0
2024-08-10 03:55:10 - WARNING - Timestamp comd=0 from 101 to 0 for arm state 0 via 102
2024-08-10 03:55:10 - DEBUG - sent 0.07411567000053765,100, 0 , False
2024-08-10 03:55:10 - DEBUG - sent 0.745,0.0, 0.0 , 271, 0
2024-08-10 03:55:11 - WARNING - Timestamp comd=0 from 101 to 0 for arm state 0 via 102
2024-08-10 03:55:11 - DEBUG - sent 0.07411567000053765,100, 0 , False
2024-08-10 03:55:11 - DEBUG - sent 0.709,0.0, 0.0 , 271, 0
2024-08-10 03:55:12 - WARNING - Timestamp comd=0 from 101 to 0 for arm state 0 via 102
2024-08-10 03:55:12 - DEBUG - sent 0.07411567000053765,100, 0 , False
2024-08-10 03:55:12 - DEBUG - sent 0.83,0.0, 0.0 , 271, 0
2024-08-10 03:55:13 - WARNING - Timestamp comd=0 from 101 to 0 for arm state 0 via 102
2024-08-10 03:55:13 - DEBUG - sent 0.07411567000053765,100, 0 , False
2024-08-10 03:55:13 - DEBUG - sent 0.997,0.0, 0.0 , 271, 0
2024-08-10 03:55:13 - WARNING - Timestamp comd=0 from 101 to 0 for arm state 0 via 102
2024-08-10 03:55:14 - DEBUG - sent 0.07411567000053765,100, 0 , False
2024-08-10 03:55:14 - DEBUG - sent 0.712,0.0, 0.0 , 271, 0
2024-08-10 03:55:14 - WARNING - Timestamp comd=0 from 101 to 0 for arm state 0 via 102
2024-08-10 03:55:14 - DEBUG - sent 0.07411567000053765,100, 0 , False
2024-08-10 03:55:14 - DEBUG - sent 0.81,0.0, 0.0 , 271, 0
2024-08-10 03:55:15 - WARNING - Timestamp comd=0 from 101 to 0 for arm state 0 via 102
2024-08-10 03:55:15 - DEBUG - sent 0.07411567000053765,100, 0 , False
2024-08-10 03:55:15 - DEBUG - sent 0.683,0.0, 0.0 , 271, 0
2024-08-10 03:55:15 - WARNING - Timestamp comd=0 from 101 to 0 for arm state 0 via 102
2024-08-10 03:55:16 - DEBUG - sent 0.07411567000053765,100, 0 , False
2024-08-10 03:55:16 - DEBUG - sent 0.621,0.0, 0.0 , 271, 0
2024-08-10 03:55:16 - WARNING - Timestamp comd=0 from 101 to 0 for arm state 0 via 102
2024-08-10 03:55:16 - DEBUG - sent 0.07411567000053765,100, 0 , False
2024-08-10 03:55:16 - DEBUG - sent 0.884,0.0, 0.0 , 271, 0
2024-08-10 03:55:16 - WARNING - Timestamp comd=0 from 101 to 0 for arm state 0 via 102
2024-08-10 03:55:17 - DEBUG - sent 0.07411567000053765,100, 0 , False
2024-08-10 03:55:17 - DEBUG - sent 0.847,0.0, 0.0 , 271, 0
2024-08-10 03:55:17 - WARNING - Timestamp comd=0 from 101 to 0 for arm state 0 via 102
2024-08-10 03:55:17 - DEBUG - sent 0.07411567000053765,100, 0 , False
2024-08-10 03:55:18 - DEBUG - sent 0.63,0.0, 0.0 , 271, 0
2024-08-10 03:55:18 - WARNING - Timestamp comd=0 from 101 to 0 for arm state 0 via 102
2024-08-10 03:55:18 - DEBUG - sent 0.07411567000053765,100, 0 , False
2024-08-10 03:55:18 - DEBUG - sent 0.757,0.0, 0.0 , 271, 0
2024-08-10 03:55:18 - WARNING - Timestamp comd=0 from 101 to 0 for arm state 0 via 102
2024-08-10 03:55:18 - DEBUG - sent 0.07411567000053765,100, 0 , False
2024-08-10 03:55:19 - DEBUG - sent 0.856,0.0, 0.0 , 271, 0
2024-08-10 03:55:19 - WARNING - Timestamp comd=0 from 101 to 0 for arm state 0 via 102
2024-08-10 03:55:19 - DEBUG - sent 0.07411567000053765,100, 0 , False
2024-08-10 03:55:19 - DEBUG - sent 0.768,0.0, 0.0 , 271, 0
2024-08-10 03:55:20 - WARNING - Timestamp comd=0 from 101 to 0 for arm state 0 via 102
2024-08-10 03:55:20 - DEBUG - sent 0.07411567000053765,100, 0 , False
2024-08-10 03:55:20 - DEBUG - sent 0.666,0.0, 0.0 , 271, 0
2024-08-10 03:55:20 - WARNING - Timestamp comd=0 from 101 to 0 for arm state 0 via 102
2024-08-10 03:55:21 - DEBUG - sent 0.07411567000053765,100, 0 , False
2024-08-10 03:55:21 - DEBUG - sent 0.672,0.0, 0.0 , 271, 0
2024-08-10 03:55:21 - WARNING - Timestamp comd=0 from 101 to 0 for arm state 0 via 102
2024-08-10 03:55:21 - DEBUG - sent 0.07411567000053765,100, 0 , False
2024-08-10 03:55:22 - DEBUG - sent 0.539,0.0, 0.0 , 271, 0
2024-08-10 03:55:22 - WARNING - Timestamp comd=0 from 101 to 0 for arm state 0 via 102
2024-08-10 03:55:22 - DEBUG - sent 0.07411567000053765,100, 0 , False
2024-08-10 03:55:22 - DEBUG - sent 0.729,0.0, 0.0 , 271, 0
2024-08-10 03:55:22 - WARNING - Timestamp comd=0 from 101 to 0 for arm state 0 via 102
2024-08-10 03:55:23 - DEBUG - sent 0.07411567000053765,100, 0 , False
2024-08-10 03:55:23 - DEBUG - sent 0.918,0.0, 0.0 , 271, 0
2024-08-10 03:55:23 - WARNING - Timestamp comd=0 from 101 to 0 for arm state 0 via 102
2024-08-10 03:55:23 - DEBUG - sent 0.07411567000053765,100, 0 , False
2024-08-10 03:55:24 - DEBUG - sent 0.584,0.0, 0.0 , 271, 0
2024-08-10 03:55:24 - WARNING - Timestamp comd=0 from 101 to 0 for arm state 0 via 102
2024-08-10 03:55:24 - DEBUG - sent 0.07411567000053765,100, 0 , False
2024-08-10 03:55:24 - DEBUG - sent 0.545,0.0, 0.0 , 271, 0
2024-08-10 03:55:25 - WARNING - Timestamp comd=0 from 101 to 0 for arm state 0 via 102
2024-08-10 03:55:25 - DEBUG - sent 0.07411567000053765,100, 0 , False
2024-08-10 03:55:25 - DEBUG - sent 0.731,0.0, 0.0 , 271, 0
2024-08-10 03:55:25 - WARNING - Timestamp comd=0 from 101 to 0 for arm state 0 via 102
2024-08-10 03:55:25 - DEBUG - sent 0.07411567000053765,100, 0 , False
2024-08-10 03:55:26 - DEBUG - sent 0.768,0.0, 0.0 , 271, 0
2024-08-10 03:55:26 - WARNING - Timestamp comd=0 from 101 to 0 for arm state 0 via 102
2024-08-10 03:55:26 - DEBUG - sent 0.07411567000053765,100, 0 , False
2024-08-10 03:55:26 - DEBUG - sent 0.827,0.0, 0.0 , 271, 0
2024-08-10 03:55:27 - WARNING - Timestamp comd=0 from 101 to 0 for arm state 0 via 102
2024-08-10 03:55:27 - DEBUG - sent 0.07411567000053765,100, 0 , False
2024-08-10 03:55:27 - DEBUG - sent 0.859,0.0, 0.0 , 271, 0
2024-08-10 03:55:27 - WARNING - Timestamp comd=0 from 101 to 0 for arm state 0 via 102
2024-08-10 03:55:28 - DEBUG - sent 0.07411567000053765,100, 0 , False
2024-08-10 03:55:28 - DEBUG - sent 0.695,0.0, 0.0 , 271, 0
2024-08-10 03:55:28 - WARNING - Timestamp comd=0 from 101 to 0 for arm state 0 via 102
2024-08-10 03:55:29 - DEBUG - sent 0.07411567000053765,100, 0 , False
2024-08-10 03:55:29 - DEBUG - sent 0.508,0.0, 0.0 , 271, 0
2024-08-10 03:55:29 - WARNING - Timestamp comd=0 from 101 to 0 for arm state 0 via 102
2024-08-10 03:55:29 - DEBUG - sent 0.07411567000053765,100, 0 , False
2024-08-10 03:55:30 - DEBUG - sent 0.844,0.0, 0.0 , 271, 0
2024-08-10 03:55:30 - WARNING - Timestamp comd=0 from 101 to 0 for arm state 0 via 102
2024-08-10 03:55:30 - DEBUG - sent 0.07411567000053765,100, 0 , False
2024-08-10 03:55:31 - DEBUG - sent 0.774,0.0, 0.0 , 271, 0
2024-08-10 03:55:31 - WARNING - Timestamp comd=0 from 101 to 0 for arm state 0 via 102
2024-08-10 03:55:31 - DEBUG - sent 0.07411567000053765,100, 0 , False
2024-08-10 03:55:32 - DEBUG - sent 0.661,0.0, 0.0 , 271, 0
2024-08-10 03:55:32 - WARNING - Timestamp comd=0 from 101 to 0 for arm state 0 via 102
2024-08-10 03:55:32 - DEBUG - sent 0.07411567000053765,100, 0 , False
2024-08-10 03:55:33 - DEBUG - sent 0.816,0.0, 0.0 , 271, 0
2024-08-10 03:55:33 - WARNING - Timestamp comd=0 from 101 to 0 for arm state 0 via 102
2024-08-10 03:55:33 - DEBUG - sent 0.07411567000053765,100, 0 , False
2024-08-10 03:55:34 - DEBUG - sent 0.435,0.0, 0.0 , 271, 0
2024-08-10 03:55:34 - WARNING - Timestamp comd=0 from 101 to 0 for arm state 0 via 102
2024-08-10 03:55:35 - DEBUG - sent 0.07411567000053765,100, 0 , False
2024-08-10 03:55:35 - DEBUG - sent 0.802,0.0, 0.0 , 271, 0
2024-08-10 03:55:35 - WARNING - Timestamp comd=0 from 101 to 0 for arm state 0 via 102
2024-08-10 03:55:36 - DEBUG - sent 0.07411567000053765,100, 0 , False
2024-08-10 03:55:36 - DEBUG - sent 0.765,0.0, 0.0 , 271, 0
2024-08-10 03:55:37 - WARNING - Timestamp comd=0 from 101 to 0 for arm state 0 via 102
2024-08-10 03:55:37 - DEBUG - sent 0.07411567000053765,100, 0 , False
2024-08-10 03:55:38 - DEBUG - sent 0.285,0.0, 0.0 , 271, 0
2024-08-10 03:55:38 - WARNING - Timestamp comd=0 from 101 to 0 for arm state 0 via 102
2024-08-10 03:55:39 - DEBUG - sent 0.07411567000053765,100, 0 , False
2024-08-10 03:55:39 - DEBUG - sent 0.748,0.0, 0.0 , 271, 0
2024-08-10 03:55:40 - WARNING - Timestamp comd=0 from 101 to 0 for arm state 0 via 102
2024-08-10 03:55:40 - DEBUG - sent 0.07411567000053765,100, 0 , False
2024-08-10 03:55:41 - DEBUG - sent 0.76,0.0, 0.0 , 271, 0
2024-08-10 03:55:41 - WARNING - Timestamp comd=0 from 101 to 0 for arm state 0 via 102
2024-08-10 03:55:41 - DEBUG - sent 0.07411567000053765,100, 0 , False
2024-08-10 03:55:42 - DEBUG - sent 0.825,0.0, 0.0 , 271, 0
2024-08-10 03:55:42 - WARNING - Timestamp comd=0 from 101 to 0 for arm state 0 via 102
2024-08-10 03:55:42 - DEBUG - sent 0.07411567000053765,100, 0 , False
2024-08-10 03:55:43 - DEBUG - sent 0.536,0.0, 0.0 , 271, 0
2024-08-10 03:55:43 - WARNING - Timestamp comd=0 from 101 to 0 for arm state 0 via 102
2024-08-10 03:55:43 - DEBUG - sent 0.07411567000053765,100, 0 , False
2024-08-10 03:55:44 - DEBUG - sent 0.5,0.0, 0.0 , 271, 0
2024-08-10 03:55:44 - WARNING - Timestamp comd=0 from 101 to 0 for arm state 0 via 102
2024-08-10 03:55:44 - DEBUG - sent 0.07411567000053765,100, 0 , False
2024-08-10 03:55:44 - DEBUG - sent 0.559,0.0, 0.0 , 271, 0
