2024-08-10 08:25:58 - INFO - ArduCopter V4.5.5 (142aece2)
2024-08-10 08:25:58 - INFO - ChibiOS: 6a85082c
2024-08-10 08:25:58 - INFO - CubeOrange 0045001E 31315112 31363832
2024-08-10 08:25:58 - INFO - IOMCU: 420 1001 411FC231
2024-08-10 08:25:58 - INFO - RCOut: PWM:1-14
2024-08-10 08:25:58 - INFO - IMU0: fast sampling enabled 8.0kHz/2.0kHz
2024-08-10 08:25:58 - INFO - IMU1: fast sampling enabled 9.0kHz/2.3kHz
2024-08-10 08:25:58 - INFO - IMU2: fast sampling enabled 9.0kHz/2.3kHz
2024-08-10 08:25:58 - INFO - Frame: HEXA/X
2024-08-10 08:25:59 - DEBUG - Still waiting for data from vehicle: parameters
2024-08-10 08:26:00 - DEBUG - Still waiting for data from vehicle: parameters
2024-08-10 08:26:01 - DEBUG - Still waiting for data from vehicle: parameters
2024-08-10 08:26:02 - DEBUG - Still waiting for data from vehicle: parameters
2024-08-10 08:26:03 - DEBUG - Using selector: EpollSelector
2024-08-10 08:26:03 - DEBUG - sent 0.30691641500015976,100, 0 , False
2024-08-10 08:26:03 - DEBUG - sent 6.622,0.0, 0.0 , 211, 0
2024-08-10 08:26:04 - WARNING - Timestamp comd=0 from 101 to 0 for arm state 0 via 102
2024-08-10 08:26:04 - DEBUG - sent 0.08137986600013392,100, 0 , False
2024-08-10 08:26:04 - DEBUG - sent 6.644,0.0, 0.0 , 211, 0
2024-08-10 08:26:05 - WARNING - Timestamp comd=0 from 101 to 0 for arm state 0 via 102
2024-08-10 08:26:05 - DEBUG - sent 0.08137986600013392,100, 0 , False
2024-08-10 08:26:06 - DEBUG - sent 6.729,0.0, 0.0 , 211, 0
2024-08-10 08:26:06 - WARNING - Timestamp comd=0 from 101 to 0 for arm state 0 via 102
2024-08-10 08:26:06 - DEBUG - sent 0.08137986600013392,100, 0 , False
2024-08-10 08:26:07 - DEBUG - sent 6.647,0.0, 0.0 , 211, 0
2024-08-10 08:26:07 - WARNING - Timestamp comd=0 from 101 to 0 for arm state 0 via 102
2024-08-10 08:26:07 - DEBUG - sent 0.08137986600013392,100, 0 , False
2024-08-10 08:26:08 - DEBUG - sent 7.144,0.0, 0.0 , 211, 0
2024-08-10 08:26:08 - WARNING - Timestamp comd=0 from 101 to 0 for arm state 0 via 102
2024-08-10 08:26:08 - DEBUG - sent 0.18353584299984504,100, 0 , False
2024-08-10 08:26:09 - DEBUG - sent 7.018,0.0, 0.0 , 211, 0
2024-08-10 08:26:09 - WARNING - Timestamp comd=0 from 101 to 0 for arm state 0 via 102
2024-08-10 08:26:10 - DEBUG - sent 0.3904080070001328,100, 0 , False
2024-08-10 08:26:10 - DEBUG - sent 6.611,0.0, 0.0 , 211, 0
2024-08-10 08:26:10 - WARNING - Timestamp comd=0 from 101 to 0 for arm state 0 via 102
2024-08-10 08:26:10 - DEBUG - sent 0.015553991999695427,100, 0 , False
2024-08-10 08:26:11 - DEBUG - sent 6.641,0.0, 0.0 , 211, 0
2024-08-10 08:26:11 - WARNING - Timestamp comd=0 from 101 to 0 for arm state 0 via 102
2024-08-10 08:26:12 - DEBUG - sent 0.07339311099985935,100, 0 , False
2024-08-10 08:26:12 - DEBUG - sent 6.474,0.0, 0.0 , 211, 0
2024-08-10 08:26:12 - WARNING - Timestamp comd=0 from 101 to 0 for arm state 0 via 102
2024-08-10 08:26:13 - DEBUG - sent 0.07339311099985935,100, 0 , False
2024-08-10 08:26:13 - DEBUG - sent 6.897,0.0, 0.0 , 212, 0
2024-08-10 08:26:14 - WARNING - Timestamp comd=0 from 101 to 0 for arm state 0 via 102
2024-08-10 08:26:14 - DEBUG - sent 0.07339311099985935,100, 0 , False
2024-08-10 08:26:14 - DEBUG - sent 6.792,0.0, 0.0 , 212, 0
2024-08-10 08:26:15 - WARNING - Timestamp comd=0 from 101 to 0 for arm state 0 via 102
2024-08-10 08:26:15 - DEBUG - sent 0.07339311099985935,100, 0 , False
2024-08-10 08:26:15 - DEBUG - sent 6.743,0.0, 0.0 , 211, 0
2024-08-10 08:26:16 - WARNING - Timestamp comd=0 from 101 to 0 for arm state 0 via 102
2024-08-10 08:26:16 - DEBUG - sent 0.07339311099985935,100, 0 , False
2024-08-10 08:26:16 - DEBUG - sent 6.375,0.0, 0.0 , 211, 0
2024-08-10 08:26:17 - WARNING - Timestamp comd=0 from 101 to 0 for arm state 0 via 102
2024-08-10 08:26:17 - DEBUG - sent 0.07339311099985935,100, 0 , False
2024-08-10 08:26:18 - DEBUG - sent 6.77,0.0, 0.0 , 211, 0
2024-08-10 08:26:18 - WARNING - Timestamp comd=0 from 101 to 0 for arm state 0 via 102
2024-08-10 08:26:18 - DEBUG - sent 0.07339311099985935,100, 0 , False
2024-08-10 08:26:19 - DEBUG - sent 6.578,0.0, 0.0 , 211, 0
2024-08-10 08:26:19 - WARNING - Timestamp comd=0 from 101 to 0 for arm state 0 via 102
2024-08-10 08:26:19 - DEBUG - sent 0.07339311099985935,100, 0 , False
2024-08-10 08:26:20 - DEBUG - sent 6.633,0.0, 0.0 , 211, 0
2024-08-10 08:26:20 - WARNING - Timestamp comd=0 from 101 to 0 for arm state 0 via 102
2024-08-10 08:26:20 - DEBUG - sent 0.07339311099985935,100, 0 , False
2024-08-10 08:26:21 - DEBUG - sent 6.798,0.0, 0.0 , 211, 0
2024-08-10 08:26:21 - WARNING - Timestamp comd=0 from 101 to 0 for arm state 0 via 102
2024-08-10 08:26:22 - DEBUG - sent 0.07339311099985935,100, 0 , False
2024-08-10 08:26:22 - DEBUG - sent 6.677,0.0, 0.0 , 211, 0
2024-08-10 08:26:22 - WARNING - Timestamp comd=0 from 101 to 0 for arm state 0 via 102
2024-08-10 08:26:23 - DEBUG - sent 0.07339311099985935,100, 0 , False
2024-08-10 08:26:23 - CRITICAL - PreArm: Hardware safety switch
2024-08-10 08:26:23 - DEBUG - sent 6.444,0.0, 0.0 , 212, 0
2024-08-10 08:26:23 - WARNING - Timestamp comd=0 from 101 to 0 for arm state 0 via 102
2024-08-10 08:26:24 - DEBUG - sent 0.07339311099985935,100, 0 , False
2024-08-10 08:26:24 - DEBUG - sent 6.512,0.0, 0.0 , 211, 0
2024-08-10 08:26:25 - WARNING - Timestamp comd=0 from 101 to 0 for arm state 0 via 102
2024-08-10 08:26:25 - DEBUG - sent 0.07339311099985935,100, 0 , False
2024-08-10 08:26:25 - DEBUG - sent 6.894,0.0, 0.0 , 212, 0
2024-08-10 08:26:26 - WARNING - Timestamp comd=0 from 101 to 0 for arm state 0 via 102
2024-08-10 08:26:26 - DEBUG - sent 0.07339311099985935,100, 0 , False
2024-08-10 08:26:26 - DEBUG - sent 6.43,0.0, 0.0 , 211, 0
2024-08-10 08:26:27 - WARNING - Timestamp comd=0 from 101 to 0 for arm state 0 via 102
2024-08-10 08:26:27 - DEBUG - sent 0.07339311099985935,100, 0 , False
2024-08-10 08:26:27 - DEBUG - sent 6.276,0.0, 0.0 , 211, 0
2024-08-10 08:26:28 - WARNING - Timestamp comd=0 from 101 to 0 for arm state 0 via 102
2024-08-10 08:26:28 - DEBUG - sent 0.3298818560001564,100, 0 , False
2024-08-10 08:26:28 - DEBUG - sent 6.553,0.0, 0.0 , 211, 0
2024-08-10 08:26:29 - WARNING - Timestamp comd=0 from 101 to 0 for arm state 0 via 102
2024-08-10 08:26:29 - DEBUG - sent 0.16306359500003964,100, 0 , False
2024-08-10 08:26:30 - DEBUG - sent 6.71,0.0, 0.0 , 212, 0
2024-08-10 08:26:30 - WARNING - Timestamp comd=0 from 101 to 0 for arm state 0 via 102
2024-08-10 08:26:30 - DEBUG - sent 0.7577004109998597,100, 0 , False
2024-08-10 08:26:31 - DEBUG - sent 6.457,0.0, 0.0 , 212, 0
2024-08-10 08:26:31 - WARNING - Timestamp comd=0 from 101 to 0 for arm state 0 via 102
2024-08-10 08:26:31 - DEBUG - sent 0.7577004109998597,100, 0 , False
2024-08-10 08:26:32 - DEBUG - sent 6.51,0.0, 0.0 , 212, 0
2024-08-10 08:26:32 - WARNING - Timestamp comd=0 from 101 to 0 for arm state 0 via 102
2024-08-10 08:26:32 - DEBUG - sent 0.06389256700003898,100, 0 , False
2024-08-10 08:26:33 - DEBUG - sent 6.397,0.0, 0.0 , 212, 0
2024-08-10 08:26:33 - WARNING - Timestamp comd=0 from 101 to 0 for arm state 0 via 102
2024-08-10 08:26:33 - DEBUG - sent 0.0697630360000403,100, 0 , False
2024-08-10 08:26:34 - DEBUG - sent 6.375,0.0, 0.0 , 212, 0
2024-08-10 08:26:34 - WARNING - Timestamp comd=0 from 101 to 0 for arm state 0 via 102
2024-08-10 08:26:34 - DEBUG - sent 0.9259442330003367,100, 0 , False
2024-08-10 08:26:35 - DEBUG - sent 6.861,0.0, 0.0 , 212, 0
2024-08-10 08:26:35 - WARNING - Timestamp comd=0 from 101 to 0 for arm state 0 via 102
2024-08-10 08:26:35 - DEBUG - sent 0.768129886999759,100, 0 , False
2024-08-10 08:26:36 - DEBUG - sent 6.724,0.0, 0.0 , 212, 0
2024-08-10 08:26:37 - WARNING - Timestamp comd=0 from 101 to 0 for arm state 0 via 102
2024-08-10 08:26:37 - DEBUG - sent 0.32356268200010163,100, 0 , False
2024-08-10 08:26:37 - DEBUG - sent 6.51,0.0, 0.0 , 212, 0
2024-08-10 08:26:38 - WARNING - Timestamp comd=0 from 101 to 0 for arm state 0 via 102
2024-08-10 08:26:38 - DEBUG - sent 0.5913499759999468,100, 0 , False
2024-08-10 08:26:38 - DEBUG - sent 6.364,0.0, 0.0 , 212, 0
2024-08-10 08:26:39 - WARNING - Timestamp comd=0 from 101 to 0 for arm state 0 via 102
2024-08-10 08:26:39 - DEBUG - sent 0.8461629309999807,100, 0 , False
2024-08-10 08:26:40 - DEBUG - sent 6.894,0.0, 0.0 , 212, 0
2024-08-10 08:26:40 - WARNING - Timestamp comd=0 from 101 to 0 for arm state 0 via 102
2024-08-10 08:26:40 - DEBUG - sent 0.6436935460001223,100, 0 , False
2024-08-10 08:26:41 - DEBUG - sent 6.567,0.0, 0.0 , 212, 0
2024-08-10 08:26:41 - WARNING - Timestamp comd=0 from 101 to 0 for arm state 0 via 102
2024-08-10 08:26:41 - DEBUG - sent 0.1245682610001495,100, 0 , False
2024-08-10 08:26:42 - DEBUG - sent 6.905,0.0, 0.0 , 212, 0
2024-08-10 08:26:42 - WARNING - Timestamp comd=0 from 101 to 0 for arm state 0 via 102
2024-08-10 08:26:43 - DEBUG - sent 0.3981094490000032,100, 0 , False
2024-08-10 08:26:43 - DEBUG - sent 6.639,0.0, 0.0 , 212, 0
2024-08-10 08:26:43 - WARNING - Timestamp comd=0 from 101 to 0 for arm state 0 via 102
2024-08-10 08:26:44 - DEBUG - sent 0.3981094490000032,100, 0 , False
2024-08-10 08:26:44 - DEBUG - sent 6.438,0.0, 0.0 , 212, 0
2024-08-10 08:26:45 - WARNING - Timestamp comd=0 from 101 to 0 for arm state 0 via 102
2024-08-10 08:26:45 - DEBUG - sent 0.3981094490000032,100, 0 , False
2024-08-10 08:26:45 - DEBUG - sent 6.336,0.0, 0.0 , 212, 0
2024-08-10 08:26:46 - WARNING - Timestamp comd=0 from 101 to 0 for arm state 0 via 102
2024-08-10 08:26:46 - DEBUG - sent 0.3981094490000032,100, 0 , False
2024-08-10 08:26:46 - DEBUG - sent 6.63,0.0, 0.0 , 212, 0
2024-08-10 08:26:47 - WARNING - Timestamp comd=0 from 101 to 0 for arm state 0 via 102
2024-08-10 08:26:47 - DEBUG - sent 0.3981094490000032,100, 0 , False
2024-08-10 08:26:48 - DEBUG - sent 6.446,0.0, 0.0 , 212, 0
2024-08-10 08:26:48 - WARNING - Timestamp comd=0 from 101 to 0 for arm state 0 via 102
2024-08-10 08:26:48 - DEBUG - sent 0.3981094490000032,100, 0 , False
2024-08-10 08:26:49 - DEBUG - sent 6.702,0.0, 0.0 , 212, 0
2024-08-10 08:26:49 - WARNING - Timestamp comd=0 from 101 to 0 for arm state 0 via 102
2024-08-10 08:26:49 - DEBUG - sent 0.3981094490000032,100, 0 , False
2024-08-10 08:26:50 - DEBUG - sent 6.578,0.0, 0.0 , 212, 0
2024-08-10 08:26:50 - WARNING - Timestamp comd=0 from 101 to 0 for arm state 0 via 102
2024-08-10 08:26:51 - DEBUG - sent 0.3981094490000032,100, 0 , False
2024-08-10 08:26:51 - DEBUG - sent 6.65,0.0, 0.0 , 212, 0
2024-08-10 08:26:51 - WARNING - Timestamp comd=0 from 101 to 0 for arm state 0 via 102
2024-08-10 08:26:52 - DEBUG - sent 0.3981094490000032,100, 0 , False
2024-08-10 08:26:52 - CRITICAL - PreArm: Hardware safety switch
2024-08-10 08:26:52 - DEBUG - sent 6.938,0.0, 0.0 , 212, 0
2024-08-10 08:26:52 - WARNING - Timestamp comd=0 from 101 to 0 for arm state 0 via 102
2024-08-10 08:26:53 - DEBUG - sent 0.10124162500005696,100, 0 , False
2024-08-10 08:26:53 - DEBUG - sent 6.542,0.0, 0.0 , 212, 0
2024-08-10 08:26:53 - WARNING - Timestamp comd=0 from 101 to 0 for arm state 0 via 102
2024-08-10 08:26:54 - DEBUG - sent 0.6860022719997687,100, 0 , False
2024-08-10 08:26:54 - DEBUG - sent 6.625,0.0, 0.0 , 212, 0
2024-08-10 08:26:55 - WARNING - Timestamp comd=0 from 101 to 0 for arm state 0 via 102
2024-08-10 08:26:55 - DEBUG - sent 0.6860022719997687,100, 0 , False
2024-08-10 08:26:55 - DEBUG - sent 6.496,0.0, 0.0 , 212, 0
2024-08-10 08:26:56 - WARNING - Timestamp comd=0 from 101 to 0 for arm state 0 via 102
2024-08-10 08:26:56 - DEBUG - sent 0.24481494700012263,100, 0 , False
2024-08-10 08:26:57 - DEBUG - sent 6.77,0.0, 0.0 , 212, 0
2024-08-10 08:26:57 - WARNING - Timestamp comd=0 from 101 to 0 for arm state 0 via 102
2024-08-10 08:26:57 - DEBUG - sent 0.24481494700012263,100, 0 , False
2024-08-10 08:26:58 - DEBUG - sent 6.867,0.0, 0.0 , 212, 0
2024-08-10 08:26:58 - WARNING - Timestamp comd=0 from 101 to 0 for arm state 0 via 102
2024-08-10 08:26:58 - DEBUG - sent 1.7204000414494658e-05,100, 0 , False
2024-08-10 08:26:59 - DEBUG - sent 6.768,0.0, 0.0 , 212, 0
2024-08-10 08:26:59 - WARNING - Timestamp comd=0 from 101 to 0 for arm state 0 via 102
2024-08-10 08:27:00 - DEBUG - sent 1.7204000414494658e-05,100, 0 , False
2024-08-10 08:27:00 - DEBUG - sent 6.518,0.0, 0.0 , 212, 0
2024-08-10 08:27:00 - WARNING - Timestamp comd=0 from 101 to 0 for arm state 0 via 102
2024-08-10 08:27:01 - DEBUG - sent 1.7204000414494658e-05,100, 0 , False
2024-08-10 08:27:01 - DEBUG - sent 7.103,0.0, 0.0 , 212, 0
2024-08-10 08:27:01 - WARNING - Timestamp comd=0 from 101 to 0 for arm state 0 via 102
2024-08-10 08:27:02 - DEBUG - sent 1.7204000414494658e-05,100, 0 , False
2024-08-10 08:27:02 - DEBUG - sent 6.702,0.0, 0.0 , 212, 0
2024-08-10 08:27:03 - WARNING - Timestamp comd=0 from 101 to 0 for arm state 0 via 102
2024-08-10 08:27:03 - DEBUG - sent 1.7204000414494658e-05,100, 0 , False
2024-08-10 08:27:03 - DEBUG - sent 6.792,0.0, 0.0 , 212, 0
2024-08-10 08:27:03 - WARNING - Timestamp comd=0 from 101 to 0 for arm state 0 via 102
2024-08-10 08:27:04 - DEBUG - sent 0.46724004799989416,100, 0 , False
2024-08-10 08:27:04 - DEBUG - sent 6.751,0.0, 0.0 , 212, 0
2024-08-10 08:27:05 - WARNING - Timestamp comd=0 from 101 to 0 for arm state 0 via 102
2024-08-10 08:27:05 - DEBUG - sent 0.3224116219998905,100, 0 , False
2024-08-10 08:27:05 - DEBUG - sent 6.666,0.0, 0.0 , 212, 0
2024-08-10 08:27:06 - WARNING - Timestamp comd=0 from 101 to 0 for arm state 0 via 102
2024-08-10 08:27:06 - DEBUG - sent 0.6458141260000048,100, 0 , False
2024-08-10 08:27:06 - DEBUG - sent 6.512,0.0, 0.0 , 212, 0
2024-08-10 08:27:07 - WARNING - Timestamp comd=0 from 101 to 0 for arm state 0 via 102
2024-08-10 08:27:07 - DEBUG - sent 0.2147196979999535,100, 0 , False
2024-08-10 08:27:08 - DEBUG - sent 6.71,0.0, 0.0 , 212, 0
2024-08-10 08:27:08 - WARNING - Timestamp comd=0 from 101 to 0 for arm state 0 via 102
2024-08-10 08:27:08 - DEBUG - sent 0.2147196979999535,100, 0 , False
2024-08-10 08:27:09 - DEBUG - sent 6.468,0.0, 0.0 , 212, 0
2024-08-10 08:27:09 - WARNING - Timestamp comd=0 from 101 to 0 for arm state 0 via 102
2024-08-10 08:27:09 - DEBUG - sent 0.5314408479998747,100, 0 , False
2024-08-10 08:27:10 - DEBUG - sent 6.597,0.0, 0.0 , 212, 0
2024-08-10 08:27:10 - WARNING - Timestamp comd=0 from 101 to 0 for arm state 0 via 102
2024-08-10 08:27:10 - DEBUG - sent 0.5314408479998747,100, 0 , False
2024-08-10 08:27:11 - DEBUG - sent 6.847,0.0, 0.0 , 212, 0
2024-08-10 08:27:11 - WARNING - Timestamp comd=0 from 101 to 0 for arm state 0 via 102
2024-08-10 08:27:11 - DEBUG - sent 0.5314408479998747,100, 0 , False
2024-08-10 08:27:12 - DEBUG - sent 6.933,0.0, 0.0 , 212, 0
2024-08-10 08:27:12 - WARNING - Timestamp comd=0 from 101 to 0 for arm state 0 via 102
2024-08-10 08:27:12 - DEBUG - sent 0.0548598530003801,100, 0 , False
2024-08-10 08:27:13 - DEBUG - sent 6.622,0.0, 0.0 , 212, 0
2024-08-10 08:27:13 - WARNING - Timestamp comd=0 from 101 to 0 for arm state 0 via 102
2024-08-10 08:27:14 - DEBUG - sent 0.11473819800039564,100, 0 , False
2024-08-10 08:27:14 - DEBUG - sent 6.521,0.0, 0.0 , 212, 0
2024-08-10 08:27:14 - WARNING - Timestamp comd=0 from 101 to 0 for arm state 0 via 102
2024-08-10 08:27:15 - DEBUG - sent 0.21196987800021816,100, 0 , False
2024-08-10 08:27:15 - DEBUG - sent 6.589,0.0, 0.0 , 212, 0
2024-08-10 08:27:15 - WARNING - Timestamp comd=0 from 101 to 0 for arm state 0 via 102
2024-08-10 08:27:16 - DEBUG - sent 0.15048568999964118,100, 0 , False
2024-08-10 08:27:16 - DEBUG - sent 6.707,0.0, 0.0 , 212, 0
2024-08-10 08:27:17 - WARNING - Timestamp comd=0 from 101 to 0 for arm state 0 via 102
2024-08-10 08:27:17 - DEBUG - sent 0.15048568999964118,100, 0 , False
2024-08-10 08:27:17 - DEBUG - sent 6.559,0.0, 0.0 , 212, 0
2024-08-10 08:27:18 - WARNING - Timestamp comd=0 from 101 to 0 for arm state 0 via 102
2024-08-10 08:27:18 - DEBUG - sent 0.3138641620003,100, 0 , False
2024-08-10 08:27:18 - DEBUG - sent 6.721,0.0, 0.0 , 212, 0
2024-08-10 08:27:19 - WARNING - Timestamp comd=0 from 101 to 0 for arm state 0 via 102
2024-08-10 08:27:19 - DEBUG - sent 0.3138641620003,100, 0 , False
2024-08-10 08:27:20 - DEBUG - sent 6.553,0.0, 0.0 , 212, 0
2024-08-10 08:27:20 - WARNING - Timestamp comd=0 from 101 to 0 for arm state 0 via 102
2024-08-10 08:27:20 - DEBUG - sent 0.3138641620003,100, 0 , False
2024-08-10 08:27:21 - DEBUG - sent 6.411,0.0, 0.0 , 212, 0
2024-08-10 08:27:21 - WARNING - Timestamp comd=0 from 101 to 0 for arm state 0 via 102
2024-08-10 08:27:22 - DEBUG - sent 2.766599982351181e-05,100, 0 , False
2024-08-10 08:27:22 - DEBUG - sent 6.661,0.0, 0.0 , 212, 0
2024-08-10 08:27:22 - WARNING - Timestamp comd=0 from 101 to 0 for arm state 0 via 102
2024-08-10 08:27:23 - CRITICAL - PreArm: Hardware safety switch
2024-08-10 08:27:23 - DEBUG - sent 0.750762825000038,100, 0 , False
2024-08-10 08:27:23 - DEBUG - sent 7.095,0.0, 0.0 , 212, 0
2024-08-10 08:27:23 - WARNING - Timestamp comd=0 from 101 to 0 for arm state 0 via 102
2024-08-10 08:27:24 - DEBUG - sent 0.750762825000038,100, 0 , False
2024-08-10 08:27:24 - DEBUG - sent 6.622,0.0, 0.0 , 212, 0
2024-08-10 08:27:25 - WARNING - Timestamp comd=0 from 101 to 0 for arm state 0 via 102
2024-08-10 08:27:25 - DEBUG - sent 0.750762825000038,100, 0 , False
2024-08-10 08:27:25 - DEBUG - sent 6.971,0.0, 0.0 , 212, 0
2024-08-10 08:27:26 - WARNING - Timestamp comd=0 from 101 to 0 for arm state 0 via 102
2024-08-10 08:27:26 - DEBUG - sent 0.750762825000038,100, 0 , False
2024-08-10 08:27:26 - DEBUG - sent 6.828,0.0, 0.0 , 212, 0
2024-08-10 08:27:27 - WARNING - Timestamp comd=0 from 101 to 0 for arm state 0 via 102
2024-08-10 08:27:27 - DEBUG - sent 0.35346885300032227,100, 0 , False
2024-08-10 08:27:27 - DEBUG - sent 6.801,0.0, 0.0 , 212, 0
2024-08-10 08:27:28 - WARNING - Timestamp comd=0 from 101 to 0 for arm state 0 via 102
2024-08-10 08:27:28 - DEBUG - sent 0.0020512480000434152,100, 0 , False
2024-08-10 08:27:28 - DEBUG - sent 6.68,0.0, 0.0 , 212, 0
2024-08-10 08:27:29 - WARNING - Timestamp comd=0 from 101 to 0 for arm state 0 via 102
2024-08-10 08:27:29 - DEBUG - sent 0.0020512480000434152,100, 0 , False
2024-08-10 08:27:30 - DEBUG - sent 6.74,0.0, 0.0 , 212, 0
2024-08-10 08:27:30 - WARNING - Timestamp comd=0 from 101 to 0 for arm state 0 via 102
2024-08-10 08:27:30 - DEBUG - sent 0.0020512480000434152,100, 0 , False
2024-08-10 08:27:31 - DEBUG - sent 6.644,0.0, 0.0 , 212, 0
2024-08-10 08:27:31 - WARNING - Timestamp comd=0 from 101 to 0 for arm state 0 via 102
2024-08-10 08:27:32 - DEBUG - sent 0.0020512480000434152,100, 0 , False
2024-08-10 08:27:32 - DEBUG - sent 6.82,0.0, 0.0 , 212, 0
2024-08-10 08:27:32 - WARNING - Timestamp comd=0 from 101 to 0 for arm state 0 via 102
2024-08-10 08:27:33 - DEBUG - sent 0.0020512480000434152,100, 0 , False
2024-08-10 08:27:33 - DEBUG - sent 6.949,0.0, 0.0 , 212, 0
2024-08-10 08:27:33 - WARNING - Timestamp comd=0 from 101 to 0 for arm state 0 via 102
2024-08-10 08:27:34 - DEBUG - sent 0.37914811800010284,100, 0 , False
2024-08-10 08:27:34 - DEBUG - sent 6.339,0.0, 0.0 , 212, 0
2024-08-10 08:27:35 - WARNING - Timestamp comd=0 from 101 to 0 for arm state 0 via 102
2024-08-10 08:27:35 - DEBUG - sent 0.37032088800015117,100, 0 , False
2024-08-10 08:27:35 - DEBUG - sent 6.845,0.0, 0.0 , 212, 0
2024-08-10 08:27:36 - WARNING - Timestamp comd=0 from 101 to 0 for arm state 0 via 102
2024-08-10 08:27:36 - DEBUG - sent 5.929600001763902e-05,100, 0 , False
2024-08-10 08:27:36 - DEBUG - sent 6.82,0.0, 0.0 , 212, 0
2024-08-10 08:27:37 - WARNING - Timestamp comd=0 from 101 to 0 for arm state 0 via 102
2024-08-10 08:27:37 - DEBUG - sent 5.929600001763902e-05,100, 0 , False
2024-08-10 08:27:38 - DEBUG - sent 7.04,0.0, 0.0 , 212, 0
2024-08-10 08:27:38 - WARNING - Timestamp comd=0 from 101 to 0 for arm state 0 via 102
2024-08-10 08:27:38 - DEBUG - sent 5.929600001763902e-05,100, 0 , False
2024-08-10 08:27:38 - DEBUG - sent 6.897,0.0, 0.0 , 212, 0
2024-08-10 08:27:39 - WARNING - Timestamp comd=0 from 101 to 0 for arm state 0 via 102
2024-08-10 08:27:39 - DEBUG - sent 0.40777712799990695,100, 0 , False
2024-08-10 08:27:40 - DEBUG - sent 6.776,0.0, 0.0 , 212, 0
2024-08-10 08:27:40 - WARNING - Timestamp comd=0 from 101 to 0 for arm state 0 via 102
2024-08-10 08:27:40 - DEBUG - sent 0.40777712799990695,100, 0 , False
2024-08-10 08:27:41 - DEBUG - sent 6.353,0.0, 0.0 , 212, 0
2024-08-10 08:27:41 - WARNING - Timestamp comd=0 from 101 to 0 for arm state 0 via 102
2024-08-10 08:27:42 - DEBUG - sent 0.40777712799990695,100, 0 , False
2024-08-10 08:27:42 - DEBUG - sent 6.633,0.0, 0.0 , 212, 0
2024-08-10 08:27:42 - WARNING - Timestamp comd=0 from 101 to 0 for arm state 0 via 102
2024-08-10 08:27:43 - DEBUG - sent 0.40777712799990695,100, 0 , False
2024-08-10 08:27:43 - DEBUG - sent 6.732,0.0, 0.0 , 212, 0
2024-08-10 08:27:44 - WARNING - Timestamp comd=0 from 101 to 0 for arm state 0 via 102
2024-08-10 08:27:44 - DEBUG - sent 0.47514005700031703,100, 0 , False
2024-08-10 08:27:44 - DEBUG - sent 6.658,0.0, 0.0 , 212, 0
2024-08-10 08:27:45 - WARNING - Timestamp comd=0 from 101 to 0 for arm state 0 via 102
2024-08-10 08:27:45 - DEBUG - sent 0.8984928939999008,100, 0 , False
2024-08-10 08:27:46 - DEBUG - sent 6.831,0.0, 0.0 , 212, 0
2024-08-10 08:27:46 - WARNING - Timestamp comd=0 from 101 to 0 for arm state 0 via 102
2024-08-10 08:27:46 - DEBUG - sent 0.07911321999972643,100, 0 , False
2024-08-10 08:27:47 - DEBUG - sent 7.15,0.0, 0.0 , 212, 0
2024-08-10 08:27:47 - WARNING - Timestamp comd=0 from 101 to 0 for arm state 0 via 102
2024-08-10 08:27:48 - DEBUG - sent 0.16275215499990736,100, 0 , False
2024-08-10 08:27:48 - DEBUG - sent 6.935,0.0, 0.0 , 212, 0
2024-08-10 08:27:48 - WARNING - Timestamp comd=0 from 101 to 0 for arm state 0 via 102
2024-08-10 08:27:49 - DEBUG - sent 0.36692686400010643,100, 0 , False
2024-08-10 08:27:49 - DEBUG - sent 6.828,0.0, 0.0 , 212, 0
2024-08-10 08:27:50 - WARNING - Timestamp comd=0 from 101 to 0 for arm state 0 via 102
2024-08-10 08:27:50 - DEBUG - sent 0.6925184500000796,100, 0 , False
2024-08-10 08:27:50 - DEBUG - sent 7.023,0.0, 0.0 , 212, 0
2024-08-10 08:27:51 - WARNING - Timestamp comd=0 from 101 to 0 for arm state 0 via 102
2024-08-10 08:27:51 - DEBUG - sent 0.7149711050001315,100, 0 , False
2024-08-10 08:27:52 - DEBUG - sent 6.831,0.0, 0.0 , 213, 0
2024-08-10 08:27:52 - WARNING - Timestamp comd=0 from 101 to 0 for arm state 0 via 102
2024-08-10 08:27:53 - DEBUG - sent 4.92409999424126e-05,100, 0 , False
2024-08-10 08:27:53 - DEBUG - sent 6.825,0.0, 0.0 , 213, 0
2024-08-10 08:27:53 - CRITICAL - PreArm: Hardware safety switch
2024-08-10 08:27:54 - WARNING - Timestamp comd=0 from 101 to 0 for arm state 0 via 102
2024-08-10 08:27:54 - DEBUG - sent 0.5807624049998594,100, 0 , False
2024-08-10 08:27:54 - DEBUG - sent 6.864,0.0, 0.0 , 213, 0
2024-08-10 08:27:55 - WARNING - Timestamp comd=0 from 101 to 0 for arm state 0 via 102
2024-08-10 08:27:55 - DEBUG - sent 0.5588562819998515,100, 0 , False
2024-08-10 08:27:55 - DEBUG - sent 6.647,0.0, 0.0 , 213, 0
2024-08-10 08:27:56 - WARNING - Timestamp comd=0 from 101 to 0 for arm state 0 via 102
2024-08-10 08:27:57 - DEBUG - sent 0.3684799809998367,100, 0 , False
2024-08-10 08:27:57 - DEBUG - sent 6.836,0.0, 0.0 , 213, 0
2024-08-10 08:27:58 - WARNING - Timestamp comd=0 from 101 to 0 for arm state 0 via 102
2024-08-10 08:27:58 - DEBUG - sent 0.7406826630003707,100, 0 , False
2024-08-10 08:27:59 - DEBUG - sent 6.949,0.0, 0.0 , 212, 0
2024-08-10 08:27:59 - WARNING - Timestamp comd=0 from 101 to 0 for arm state 0 via 102
2024-08-10 08:27:59 - DEBUG - sent 1.4981000276748091e-05,100, 0 , False
2024-08-10 08:28:00 - DEBUG - sent 6.716,0.0, 0.0 , 212, 0
2024-08-10 08:28:00 - WARNING - Timestamp comd=0 from 101 to 0 for arm state 0 via 102
2024-08-10 08:28:01 - DEBUG - sent 0.12017960599996513,100, 0 , False
2024-08-10 08:28:01 - DEBUG - sent 6.674,0.0, 0.0 , 212, 0
2024-08-10 08:28:01 - WARNING - Timestamp comd=0 from 101 to 0 for arm state 0 via 102
2024-08-10 08:28:02 - DEBUG - sent 0.14803834299982555,100, 0 , False
2024-08-10 08:28:02 - DEBUG - sent 6.77,0.0, 0.0 , 212, 0
2024-08-10 08:28:02 - WARNING - Timestamp comd=0 from 101 to 0 for arm state 0 via 102
2024-08-10 08:28:03 - DEBUG - sent 0.6233020750000833,100, 0 , False
2024-08-10 08:28:03 - DEBUG - sent 6.625,0.0, 0.0 , 212, 0
2024-08-10 08:28:04 - WARNING - Timestamp comd=0 from 101 to 0 for arm state 0 via 102
2024-08-10 08:28:04 - DEBUG - sent 0.6997001589998035,100, 0 , False
2024-08-10 08:28:04 - DEBUG - sent 6.622,0.0, 0.0 , 212, 0
2024-08-10 08:28:05 - WARNING - Timestamp comd=0 from 101 to 0 for arm state 0 via 102
2024-08-10 08:28:05 - DEBUG - sent 1.6184999822144164e-05,100, 0 , False
2024-08-10 08:28:06 - DEBUG - sent 6.641,0.0, 0.0 , 212, 0
2024-08-10 08:28:06 - WARNING - Timestamp comd=0 from 101 to 0 for arm state 0 via 102
2024-08-10 08:28:06 - DEBUG - sent 0.8942173030000049,100, 0 , False
2024-08-10 08:28:07 - DEBUG - sent 6.727,0.0, 0.0 , 212, 0
2024-08-10 08:28:07 - WARNING - Timestamp comd=0 from 101 to 0 for arm state 0 via 102
2024-08-10 08:28:08 - DEBUG - sent 0.2061221190001561,100, 0 , False
2024-08-10 08:28:08 - DEBUG - sent 6.803,0.0, 0.0 , 212, 0
2024-08-10 08:28:08 - WARNING - Timestamp comd=0 from 101 to 0 for arm state 0 via 102
2024-08-10 08:28:09 - DEBUG - sent 0.24289399300005243,100, 0 , False
2024-08-10 08:28:09 - DEBUG - sent 6.68,0.0, 0.0 , 212, 0
2024-08-10 08:28:10 - WARNING - Timestamp comd=0 from 101 to 0 for arm state 0 via 102
2024-08-10 08:28:10 - DEBUG - sent 0.6072557500001494,100, 0 , False
2024-08-10 08:28:10 - DEBUG - sent 6.696,0.0, 0.0 , 212, 0
2024-08-10 08:28:11 - WARNING - Timestamp comd=0 from 101 to 0 for arm state 0 via 102
2024-08-10 08:28:11 - DEBUG - sent 0.7083657919997677,100, 0 , False
2024-08-10 08:28:11 - DEBUG - sent 6.674,0.0, 0.0 , 213, 0
2024-08-10 08:28:12 - WARNING - Timestamp comd=0 from 101 to 0 for arm state 0 via 102
2024-08-10 08:28:12 - DEBUG - sent 0.6700592590000269,100, 0 , False
2024-08-10 08:28:13 - DEBUG - sent 6.792,0.0, 0.0 , 213, 0
2024-08-10 08:28:13 - WARNING - Timestamp comd=0 from 101 to 0 for arm state 0 via 102
2024-08-10 08:28:13 - DEBUG - sent 0.9242107250001936,100, 0 , False
2024-08-10 08:28:14 - DEBUG - sent 6.699,0.0, 0.0 , 213, 0
2024-08-10 08:28:14 - WARNING - Timestamp comd=0 from 101 to 0 for arm state 0 via 102
2024-08-10 08:28:15 - DEBUG - sent 0.17279278100022566,100, 0 , False
2024-08-10 08:28:15 - DEBUG - sent 6.584,0.0, 0.0 , 213, 0
2024-08-10 08:28:15 - WARNING - Timestamp comd=0 from 101 to 0 for arm state 0 via 102
2024-08-10 08:28:16 - DEBUG - sent 0.448985404999803,100, 0 , False
2024-08-10 08:28:16 - DEBUG - sent 6.691,0.0, 0.0 , 213, 0
2024-08-10 08:28:17 - WARNING - Timestamp comd=0 from 101 to 0 for arm state 0 via 102
2024-08-10 08:28:17 - DEBUG - sent 0.4051994759997797,100, 0 , False
2024-08-10 08:28:18 - DEBUG - sent 6.63,0.0, 0.0 , 213, 0
2024-08-10 08:28:18 - WARNING - Timestamp comd=0 from 101 to 0 for arm state 0 via 102
2024-08-10 08:28:18 - DEBUG - sent 0.10577840499990998,100, 0 , False
2024-08-10 08:28:19 - DEBUG - sent 6.803,0.0, 0.0 , 213, 0
2024-08-10 08:28:19 - WARNING - Timestamp comd=0 from 101 to 0 for arm state 0 via 102
2024-08-10 08:28:20 - DEBUG - sent 0.34898552200002086,100, 0 , False
2024-08-10 08:28:20 - DEBUG - sent 6.729,0.0, 0.0 , 213, 0
2024-08-10 08:28:20 - WARNING - Timestamp comd=0 from 101 to 0 for arm state 0 via 102
2024-08-10 08:28:21 - DEBUG - sent 0.2820895909999308,100, 0 , False
2024-08-10 08:28:21 - DEBUG - sent 6.746,0.0, 0.0 , 213, 0
2024-08-10 08:28:22 - WARNING - Timestamp comd=0 from 101 to 0 for arm state 0 via 102
2024-08-10 08:28:22 - DEBUG - sent 0.7220962829997006,100, 0 , False
2024-08-10 08:28:22 - DEBUG - sent 6.68,0.0, 0.0 , 213, 0
2024-08-10 08:28:23 - WARNING - Timestamp comd=0 from 101 to 0 for arm state 0 via 102
2024-08-10 08:28:23 - DEBUG - sent 0.8688707960000102,100, 0 , False
2024-08-10 08:28:24 - DEBUG - sent 6.6,0.0, 0.0 , 213, 0
2024-08-10 08:28:24 - WARNING - Timestamp comd=0 from 101 to 0 for arm state 0 via 102
2024-08-10 08:28:24 - CRITICAL - PreArm: Hardware safety switch
2024-08-10 08:28:25 - DEBUG - sent 0.3008173020002687,100, 0 , False
2024-08-10 08:28:25 - DEBUG - sent 6.694,0.0, 0.0 , 213, 0
2024-08-10 08:28:25 - WARNING - Timestamp comd=0 from 101 to 0 for arm state 0 via 102
2024-08-10 08:28:26 - DEBUG - sent 0.3167988619998141,100, 0 , False
2024-08-10 08:28:26 - DEBUG - sent 6.836,0.0, 0.0 , 213, 0
2024-08-10 08:28:27 - WARNING - Timestamp comd=0 from 101 to 0 for arm state 0 via 102
2024-08-10 08:28:27 - DEBUG - sent 0.7896044469998742,100, 0 , False
2024-08-10 08:28:28 - DEBUG - sent 6.276,0.0, 0.0 , 213, 0
2024-08-10 08:28:28 - WARNING - Timestamp comd=0 from 101 to 0 for arm state 0 via 102
2024-08-10 08:28:28 - DEBUG - sent 0.10880577599982644,100, 0 , False
2024-08-10 08:28:29 - DEBUG - sent 6.776,0.0, 0.0 , 213, 0
2024-08-10 08:28:29 - WARNING - Timestamp comd=0 from 101 to 0 for arm state 0 via 102
2024-08-10 08:28:30 - DEBUG - sent 0.3808002900000247,100, 0 , False
2024-08-10 08:28:30 - DEBUG - sent 6.639,0.0, 0.0 , 213, 0
2024-08-10 08:28:30 - WARNING - Timestamp comd=0 from 101 to 0 for arm state 0 via 102
2024-08-10 08:28:31 - DEBUG - sent 0.37324107099993853,100, 0 , False
2024-08-10 08:28:31 - DEBUG - sent 6.537,0.0, 0.0 , 213, 0
2024-08-10 08:28:31 - WARNING - Timestamp comd=0 from 101 to 0 for arm state 0 via 102
2024-08-10 08:28:32 - DEBUG - sent 0.6047347319999972,100, 0 , False
2024-08-10 08:28:32 - DEBUG - sent 6.787,0.0, 0.0 , 213, 0
2024-08-10 08:28:33 - WARNING - Timestamp comd=0 from 101 to 0 for arm state 0 via 102
2024-08-10 08:28:33 - DEBUG - sent 0.8384793780001019,100, 0 , False
2024-08-10 08:28:33 - DEBUG - sent 6.63,0.0, 0.0 , 213, 0
2024-08-10 08:28:34 - WARNING - Timestamp comd=0 from 101 to 0 for arm state 0 via 102
2024-08-10 08:28:34 - DEBUG - sent 0.9172721680001814,100, 0 , False
2024-08-10 08:28:35 - DEBUG - sent 6.71,0.0, 0.0 , 213, 0
2024-08-10 08:28:35 - WARNING - Timestamp comd=0 from 101 to 0 for arm state 0 via 102
2024-08-10 08:28:35 - DEBUG - sent 0.07257236199984618,100, 0 , False
2024-08-10 08:28:36 - DEBUG - sent 6.773,0.0, 0.0 , 213, 0
2024-08-10 08:28:36 - WARNING - Timestamp comd=0 from 101 to 0 for arm state 0 via 102
2024-08-10 08:28:37 - DEBUG - sent 0.3475139689999196,100, 0 , False
2024-08-10 08:28:37 - DEBUG - sent 7.24,0.0, 0.0 , 213, 0
2024-08-10 08:28:37 - WARNING - Timestamp comd=0 from 101 to 0 for arm state 0 via 102
2024-08-10 08:28:38 - DEBUG - sent 0.4657642480001414,100, 0 , False
2024-08-10 08:28:38 - DEBUG - sent 6.88,0.0, 0.0 , 213, 0
2024-08-10 08:28:39 - WARNING - Timestamp comd=0 from 101 to 0 for arm state 0 via 102
2024-08-10 08:28:39 - DEBUG - sent 3.581500004656846e-05,100, 0 , False
2024-08-10 08:28:40 - DEBUG - sent 6.911,0.0, 0.0 , 213, 0
2024-08-10 08:28:40 - WARNING - Timestamp comd=0 from 101 to 0 for arm state 0 via 102
2024-08-10 08:28:40 - DEBUG - sent 0.9098989079998319,100, 0 , False
2024-08-10 08:28:41 - DEBUG - sent 7.144,0.0, 0.0 , 213, 0
2024-08-10 08:28:41 - WARNING - Timestamp comd=0 from 101 to 0 for arm state 0 via 102
2024-08-10 08:28:41 - DEBUG - sent 0.16498641099997258,100, 0 , False
2024-08-10 08:28:42 - DEBUG - sent 6.853,0.0, 0.0 , 213, 0
2024-08-10 08:28:42 - WARNING - Timestamp comd=0 from 101 to 0 for arm state 0 via 102
2024-08-10 08:28:43 - DEBUG - sent 0.38220157299974744,100, 0 , False
2024-08-10 08:28:43 - DEBUG - sent 6.614,0.0, 0.0 , 213, 0
2024-08-10 08:28:43 - WARNING - Timestamp comd=0 from 101 to 0 for arm state 0 via 102
2024-08-10 08:28:44 - DEBUG - sent 0.48733266299996103,100, 0 , False
2024-08-10 08:28:44 - DEBUG - sent 7.048,0.0, 0.0 , 213, 0
2024-08-10 08:28:45 - WARNING - Timestamp comd=0 from 101 to 0 for arm state 0 via 102
2024-08-10 08:28:45 - DEBUG - sent 0.36472961200024656,100, 0 , False
2024-08-10 08:28:45 - DEBUG - sent 6.974,0.0, 0.0 , 213, 0
2024-08-10 08:28:46 - WARNING - Timestamp comd=0 from 101 to 0 for arm state 0 via 102
2024-08-10 08:28:46 - DEBUG - sent 0.6458751079999274,100, 0 , False
2024-08-10 08:28:46 - DEBUG - sent 6.702,0.0, 0.0 , 213, 0
2024-08-10 08:28:47 - WARNING - Timestamp comd=0 from 101 to 0 for arm state 0 via 102
2024-08-10 08:28:47 - DEBUG - sent 0.6818013359998076,100, 0 , False
2024-08-10 08:28:48 - DEBUG - sent 6.625,0.0, 0.0 , 213, 0
2024-08-10 08:28:48 - WARNING - Timestamp comd=0 from 101 to 0 for arm state 0 via 102
2024-08-10 08:28:49 - DEBUG - sent 0.4036881749998429,100, 0 , False
2024-08-10 08:28:49 - DEBUG - sent 6.773,0.0, 0.0 , 212, 0
2024-08-10 08:28:50 - WARNING - Timestamp comd=0 from 101 to 0 for arm state 0 via 102
2024-08-10 08:28:50 - DEBUG - sent 0.9337836370000332,100, 0 , False
2024-08-10 08:28:51 - DEBUG - sent 7.133,0.0, 0.0 , 212, 0
2024-08-10 08:28:51 - WARNING - Timestamp comd=0 from 101 to 0 for arm state 0 via 102
2024-08-10 08:28:51 - DEBUG - sent 0.1326466979999168,100, 0 , False
2024-08-10 08:28:52 - DEBUG - sent 6.787,0.0, 0.0 , 212, 0
2024-08-10 08:28:52 - WARNING - Timestamp comd=0 from 101 to 0 for arm state 0 via 102
2024-08-10 08:28:53 - DEBUG - sent 0.4161156230002234,100, 0 , False
2024-08-10 08:28:53 - DEBUG - sent 7.24,0.0, 0.0 , 212, 0
2024-08-10 08:28:54 - WARNING - Timestamp comd=0 from 101 to 0 for arm state 0 via 102
2024-08-10 08:28:54 - DEBUG - sent 0.6935389529999156,100, 0 , False
2024-08-10 08:28:54 - DEBUG - sent 7.086,0.0, 0.0 , 212, 0
2024-08-10 08:28:55 - WARNING - Timestamp comd=0 from 101 to 0 for arm state 0 via 102
2024-08-10 08:28:56 - CRITICAL - PreArm: Hardware safety switch
2024-08-10 08:28:56 - DEBUG - sent 0.0006625519999943208,100, 0 , False
2024-08-10 08:28:56 - DEBUG - sent 6.812,0.0, 0.0 , 212, 0
2024-08-10 08:28:56 - WARNING - Timestamp comd=0 from 101 to 0 for arm state 0 via 102
2024-08-10 08:28:57 - DEBUG - sent 0.5001492710002822,100, 0 , False
2024-08-10 08:28:57 - DEBUG - sent 6.845,0.0, 0.0 , 212, 0
2024-08-10 08:28:58 - WARNING - Timestamp comd=0 from 101 to 0 for arm state 0 via 102
2024-08-10 08:28:58 - DEBUG - sent 0.8027079610001238,100, 0 , False
2024-08-10 08:28:59 - DEBUG - sent 7.084,0.0, 0.0 , 213, 0
2024-08-10 08:28:59 - WARNING - Timestamp comd=0 from 101 to 0 for arm state 0 via 102
2024-08-10 08:29:00 - DEBUG - sent 0.2594684259997848,100, 0 , False
2024-08-10 08:29:00 - DEBUG - sent 7.045,0.0, 0.0 , 213, 0
2024-08-10 08:29:00 - WARNING - Timestamp comd=0 from 101 to 0 for arm state 0 via 102
2024-08-10 08:29:01 - DEBUG - sent 0.3964459879998685,100, 0 , False
2024-08-10 08:29:01 - DEBUG - sent 6.976,0.0, 0.0 , 213, 0
2024-08-10 08:29:02 - WARNING - Timestamp comd=0 from 101 to 0 for arm state 0 via 102
2024-08-10 08:29:02 - DEBUG - sent 0.963302074999774,100, 0 , False
2024-08-10 08:29:03 - DEBUG - sent 6.521,0.0, 0.0 , 213, 0
2024-08-10 08:29:03 - WARNING - Timestamp comd=0 from 101 to 0 for arm state 0 via 102
2024-08-10 08:29:04 - DEBUG - sent 0.2774281599999995,100, 0 , False
2024-08-10 08:29:04 - DEBUG - sent 6.894,0.0, 0.0 , 213, 0
2024-08-10 08:29:04 - WARNING - Timestamp comd=0 from 101 to 0 for arm state 0 via 102
2024-08-10 08:29:05 - DEBUG - sent 0.6423140780002541,100, 0 , False
2024-08-10 08:29:05 - DEBUG - sent 6.677,0.0, 0.0 , 213, 0
2024-08-10 08:29:06 - WARNING - Timestamp comd=0 from 101 to 0 for arm state 0 via 102
2024-08-10 08:29:06 - DEBUG - sent 1.8963000002258923e-05,100, 0 , False
2024-08-10 08:29:07 - DEBUG - sent 7.339,0.0, 0.0 , 213, 0
2024-08-10 08:29:07 - WARNING - Timestamp comd=0 from 101 to 0 for arm state 0 via 102
2024-08-10 08:29:08 - DEBUG - sent 0.24255007300007492,100, 0 , False
2024-08-10 08:29:08 - DEBUG - sent 6.853,0.0, 0.0 , 212, 0
2024-08-10 08:29:08 - WARNING - Timestamp comd=0 from 101 to 0 for arm state 0 via 102
2024-08-10 08:29:09 - DEBUG - sent 0.4304009090001273,100, 0 , False
2024-08-10 08:29:09 - DEBUG - sent 6.905,0.0, 0.0 , 212, 0
2024-08-10 08:29:10 - WARNING - Timestamp comd=0 from 101 to 0 for arm state 0 via 102
2024-08-10 08:29:10 - DEBUG - sent 0.9562873469999431,100, 0 , False
2024-08-10 08:29:11 - DEBUG - sent 7.213,0.0, 0.0 , 212, 0
2024-08-10 08:29:11 - WARNING - Timestamp comd=0 from 101 to 0 for arm state 0 via 102
2024-08-10 08:29:11 - DEBUG - sent 2.424100011921837e-05,100, 0 , False
2024-08-10 08:29:12 - DEBUG - sent 7.103,0.0, 0.0 , 212, 0
2024-08-10 08:29:12 - WARNING - Timestamp comd=0 from 101 to 0 for arm state 0 via 102
2024-08-10 08:29:13 - DEBUG - sent 0.3280020450001757,100, 0 , False
2024-08-10 08:29:13 - DEBUG - sent 7.147,0.0, 0.0 , 212, 0
2024-08-10 08:29:13 - WARNING - Timestamp comd=0 from 101 to 0 for arm state 0 via 102
2024-08-10 08:29:14 - DEBUG - sent 0.47415955399992527,100, 0 , False
2024-08-10 08:29:14 - DEBUG - sent 7.232,0.0, 0.0 , 212, 0
2024-08-10 08:29:15 - WARNING - Timestamp comd=0 from 101 to 0 for arm state 0 via 102
2024-08-10 08:29:15 - DEBUG - sent 1.7202999970322708e-05,100, 0 , False
2024-08-10 08:29:15 - DEBUG - sent 6.856,0.0, 0.0 , 212, 0
2024-08-10 08:29:16 - WARNING - Timestamp comd=0 from 101 to 0 for arm state 0 via 102
2024-08-10 08:29:16 - DEBUG - sent 0.7982307679999394,100, 0 , False
2024-08-10 08:29:17 - DEBUG - sent 6.897,0.0, 0.0 , 212, 0
2024-08-10 08:29:17 - WARNING - Timestamp comd=0 from 101 to 0 for arm state 0 via 102
2024-08-10 08:29:17 - DEBUG - sent 0.8603104059998259,100, 0 , False
2024-08-10 08:29:18 - DEBUG - sent 6.845,0.0, 0.0 , 212, 0
2024-08-10 08:29:18 - WARNING - Timestamp comd=0 from 101 to 0 for arm state 0 via 102
2024-08-10 08:29:18 - DEBUG - sent 0.0667594100000315,100, 0 , False
2024-08-10 08:29:19 - DEBUG - sent 6.897,0.0, 0.0 , 212, 0
2024-08-10 08:29:19 - WARNING - Timestamp comd=0 from 101 to 0 for arm state 0 via 102
2024-08-10 08:29:20 - DEBUG - sent 0.19570773499981442,100, 0 , False
2024-08-10 08:29:20 - DEBUG - sent 6.705,0.0, 0.0 , 212, 0
2024-08-10 08:29:20 - WARNING - Timestamp comd=0 from 101 to 0 for arm state 0 via 102
2024-08-10 08:29:21 - DEBUG - sent 0.3474148800000876,100, 0 , False
2024-08-10 08:29:21 - DEBUG - sent 6.971,0.0, 0.0 , 212, 0
2024-08-10 08:29:22 - WARNING - Timestamp comd=0 from 101 to 0 for arm state 0 via 102
2024-08-10 08:29:22 - DEBUG - sent 0.5834007260000362,100, 0 , False
2024-08-10 08:29:22 - DEBUG - sent 6.845,0.0, 0.0 , 212, 0
2024-08-10 08:29:23 - WARNING - Timestamp comd=0 from 101 to 0 for arm state 0 via 102
2024-08-10 08:29:23 - DEBUG - sent 0.8780739699996047,100, 0 , False
2024-08-10 08:29:24 - DEBUG - sent 6.878,0.0, 0.0 , 212, 0
2024-08-10 08:29:24 - WARNING - Timestamp comd=0 from 101 to 0 for arm state 0 via 102
2024-08-10 08:29:24 - DEBUG - sent 0.6168838549997417,100, 0 , False
2024-08-10 08:29:25 - DEBUG - sent 6.938,0.0, 0.0 , 212, 0
2024-08-10 08:29:25 - WARNING - Timestamp comd=0 from 101 to 0 for arm state 0 via 102
2024-08-10 08:29:26 - DEBUG - sent 0.30677438099974097,100, 0 , False
2024-08-10 08:29:26 - DEBUG - sent 6.806,0.0, 0.0 , 212, 0
2024-08-10 08:29:26 - WARNING - Timestamp comd=0 from 101 to 0 for arm state 0 via 102
2024-08-10 08:29:26 - CRITICAL - PreArm: Hardware safety switch
2024-08-10 08:29:27 - DEBUG - sent 0.431663579999622,100, 0 , False
2024-08-10 08:29:27 - DEBUG - sent 6.927,0.0, 0.0 , 213, 0
2024-08-10 08:29:27 - WARNING - Timestamp comd=0 from 101 to 0 for arm state 0 via 102
2024-08-10 08:29:28 - DEBUG - sent 0.6778587939998033,100, 0 , False
2024-08-10 08:29:29 - DEBUG - sent 7.051,0.0, 0.0 , 213, 0
2024-08-10 08:29:29 - WARNING - Timestamp comd=0 from 101 to 0 for arm state 0 via 102
2024-08-10 08:29:29 - DEBUG - sent 3.3554999845364364e-05,100, 0 , False
2024-08-10 08:29:30 - DEBUG - sent 6.869,0.0, 0.0 , 213, 0
2024-08-10 08:29:30 - WARNING - Timestamp comd=0 from 101 to 0 for arm state 0 via 102
2024-08-10 08:29:30 - DEBUG - sent 0.18881841999973403,100, 0 , False
2024-08-10 08:29:31 - DEBUG - sent 6.779,0.0, 0.0 , 213, 0
2024-08-10 08:29:31 - WARNING - Timestamp comd=0 from 101 to 0 for arm state 0 via 102
2024-08-10 08:29:32 - DEBUG - sent 0.2934085269998832,100, 0 , False
2024-08-10 08:29:32 - DEBUG - sent 6.834,0.0, 0.0 , 213, 0
2024-08-10 08:29:32 - WARNING - Timestamp comd=0 from 101 to 0 for arm state 0 via 102
2024-08-10 08:29:33 - DEBUG - sent 0.2621687550004026,100, 0 , False
2024-08-10 08:29:33 - DEBUG - sent 6.666,0.0, 0.0 , 213, 0
2024-08-10 08:29:33 - WARNING - Timestamp comd=0 from 101 to 0 for arm state 0 via 102
2024-08-10 08:29:34 - DEBUG - sent 0.39563270199960243,100, 0 , False
2024-08-10 08:29:34 - DEBUG - sent 6.759,0.0, 0.0 , 213, 0
2024-08-10 08:29:34 - WARNING - Timestamp comd=0 from 101 to 0 for arm state 0 via 102
2024-08-10 08:29:35 - DEBUG - sent 0.4521301489999132,100, 0 , False
2024-08-10 08:29:35 - DEBUG - sent 6.474,0.0, 0.0 , 213, 0
2024-08-10 08:29:36 - WARNING - Timestamp comd=0 from 101 to 0 for arm state 0 via 102
2024-08-10 08:29:36 - DEBUG - sent 0.7899738719997913,100, 0 , False
2024-08-10 08:29:37 - DEBUG - sent 6.573,0.0, 0.0 , 213, 0
2024-08-10 08:29:37 - WARNING - Timestamp comd=0 from 101 to 0 for arm state 0 via 102
2024-08-10 08:29:37 - DEBUG - sent 0.8806140369997593,100, 0 , False
2024-08-10 08:29:38 - DEBUG - sent 6.636,0.0, 0.0 , 213, 0
2024-08-10 08:29:38 - WARNING - Timestamp comd=0 from 101 to 0 for arm state 0 via 102
2024-08-10 08:29:39 - DEBUG - sent 0.20748296400006438,100, 0 , False
2024-08-10 08:29:39 - DEBUG - sent 6.65,0.0, 0.0 , 213, 0
2024-08-10 08:29:39 - WARNING - Timestamp comd=0 from 101 to 0 for arm state 0 via 102
2024-08-10 08:29:40 - DEBUG - sent 0.1601649650001491,100, 0 , False
2024-08-10 08:29:40 - DEBUG - sent 6.647,0.0, 0.0 , 213, 0
2024-08-10 08:29:41 - WARNING - Timestamp comd=0 from 101 to 0 for arm state 0 via 102
2024-08-10 08:29:41 - DEBUG - sent 0.8991389319999143,100, 0 , False
2024-08-10 08:29:42 - DEBUG - sent 7.067,0.0, 0.0 , 213, 0
2024-08-10 08:29:42 - WARNING - Timestamp comd=0 from 101 to 0 for arm state 0 via 102
2024-08-10 08:29:42 - DEBUG - sent 0.6706012319996262,100, 0 , False
2024-08-10 08:29:43 - DEBUG - sent 6.787,0.0, 0.0 , 213, 0
2024-08-10 08:29:43 - WARNING - Timestamp comd=0 from 101 to 0 for arm state 0 via 102
2024-08-10 08:29:44 - DEBUG - sent 0.075473896999938,100, 0 , False
2024-08-10 08:29:44 - DEBUG - sent 6.905,0.0, 0.0 , 213, 0
2024-08-10 08:29:45 - WARNING - Timestamp comd=0 from 101 to 0 for arm state 0 via 102
